
bb_init()
    conn:
    proto_major = 7
    proto_minor = 28
    async_read = 1
    max_write = 131072
    max_readahead = 131072
    capable = 00000ffb
    want = 00000010
    max_background = 0
    congestion_threshold = 0
    context:
    fuse = bf64a780
    uid = 0
    gid = 0
    pid = 0
    private_data = bf649260
    logfile = bf64a290
    rootdir = /home/peter2/Documents/deBBFS/example/rootdir
    umask = 00000

bb_access(path="/", mask=04)
    bb_fullpath:  rootdir = "/home/peter2/Documents/deBBFS/example/rootdir", path = "/", fpath = "/home/peter2/Documents/deBBFS/example/rootdir/"

bb_opendir(path="/", fi=0xd4f14c30)
    bb_fullpath:  rootdir = "/home/peter2/Documents/deBBFS/example/rootdir", path = "/", fpath = "/home/peter2/Documents/deBBFS/example/rootdir/"
    opendir returned 0x0x7f88d0002010
    fi:
    flags = 0x00018800
    fh_old = 0x00000000
    writepage = 0
    direct_io = 0
    keep_cache = 0
    fh = 0x00007f88d0002010
    lock_owner = 0x0000000000000000

bb_getattr(path="/.xdg-volume-info", statbuf=0xd4f14c40)
    bb_fullpath:  rootdir = "/home/peter2/Documents/deBBFS/example/rootdir", path = "/.xdg-volume-info", fpath = "/home/peter2/Documents/deBBFS/example/rootdir/.xdg-volume-info"

bb_getattr(path="/", statbuf=0xcfffec10)
    bb_fullpath:  rootdir = "/home/peter2/Documents/deBBFS/example/rootdir", path = "/", fpath = "/home/peter2/Documents/deBBFS/example/rootdir/"
    lstat returned 0
    si:
    st_dev = 2051
    st_ino = 3008
    st_mode = 040775
    st_nlink = 2
    st_uid = 1000
    st_gid = 1001
    st_rdev = 0
    st_size = 4096
    st_blksize = 4096
    st_blocks = 8
    st_atime = 0x61daf3ea
    st_mtime = 0x61dc3321
    st_ctime = 0x61dc3321
    lstat returned -1
    ERROR lstat: No such file or directory
    si:
    st_dev = 0
    st_ino = 0
    st_mode = 00
    st_nlink = 0
    st_uid = 0
    st_gid = 0
    st_rdev = 0
    st_size = 0
    st_blksize = 0
    st_blocks = 0
    st_atime = 0x00000000
    st_mtime = 0x00000000
    st_ctime = 0x00000000

bb_getattr(path="/autorun.inf", statbuf=0xcfffec40)
    bb_fullpath:  rootdir = "/home/peter2/Documents/deBBFS/example/rootdir", path = "/autorun.inf", fpath = "/home/peter2/Documents/deBBFS/example/rootdir/autorun.inf"
    lstat returned -1
    ERROR lstat: No such file or directory
    si:
    st_dev = 0
    st_ino = 0
    st_mode = 00
    st_nlink = 0
    st_uid = 0
    st_gid = 0
    st_rdev = 0
    st_size = 0
    st_blksize = 0
    st_blocks = 0
    st_atime = 0x00000000
    st_mtime = 0x00000000
    st_ctime = 0x00000000

bb_getattr(path="/.Trash", statbuf=0xcf7fdc40)
    bb_fullpath:  rootdir = "/home/peter2/Documents/deBBFS/example/rootdir", path = "/.Trash", fpath = "/home/peter2/Documents/deBBFS/example/rootdir/.Trash"
    lstat returned -1
    ERROR lstat: No such file or directory
    si:
    st_dev = 0
    st_ino = 0
    st_mode = 00
    st_nlink = 0
    st_uid = 0
    st_gid = 0
    st_rdev = 0
    st_size = 0
    st_blksize = 0
    st_blocks = 0
    st_atime = 0x00000000
    st_mtime = 0x00000000
    st_ctime = 0x00000000

bb_getattr(path="/.Trash-1000", statbuf=0xd4f14c40)
    bb_fullpath:  rootdir = "/home/peter2/Documents/deBBFS/example/rootdir", path = "/.Trash-1000", fpath = "/home/peter2/Documents/deBBFS/example/rootdir/.Trash-1000"
    lstat returned -1
    ERROR lstat: No such file or directory
    si:
    st_dev = 0
    st_ino = 0
    st_mode = 00
    st_nlink = 0
    st_uid = 0
    st_gid = 0
    st_rdev = 0
    st_size = 0
    st_blksize = 0
    st_blocks = 0
    st_atime = 0x00000000
    st_mtime = 0x00000000
    st_ctime = 0x00000000

bb_readdir(path="/", buf=0xd0001f90, filler=0xd5154400, offset=0, fi=0xcfffec30)
    readdir returned 0x0x7f88d0002040
calling filler with name .
calling filler with name test.txt
calling filler with name bogus.txt
calling filler with name ..
    fi:
    flags = 0x00000000
    fh_old = 0x7f88d0002010
    writepage = 0
    direct_io = 0
    keep_cache = 0
    fh = 0x00007f88d0002010
    lock_owner = 0x0000000000000000

bb_getattr(path="/test.txt", statbuf=0xd4f14c40)
    bb_fullpath:  rootdir = "/home/peter2/Documents/deBBFS/example/rootdir", path = "/test.txt", fpath = "/home/peter2/Documents/deBBFS/example/rootdir/test.txt"
    lstat returned 0
    si:
    st_dev = 2051
    st_ino = 3010
    st_mode = 0100664
    st_nlink = 1
    st_uid = 1000
    st_gid = 1001
    st_rdev = 0
    st_size = 0
    st_blksize = 4096
    st_blocks = 0
    st_atime = 0x61daeb66
    st_mtime = 0x61daeb66
    st_ctime = 0x61daeb66

bb_getattr(path="/bogus.txt", statbuf=0xcfffec40)
    bb_fullpath:  rootdir = "/home/peter2/Documents/deBBFS/example/rootdir", path = "/bogus.txt", fpath = "/home/peter2/Documents/deBBFS/example/rootdir/bogus.txt"
    lstat returned 0
    si:
    st_dev = 2051
    st_ino = 3009
    st_mode = 0100664
    st_nlink = 1
    st_uid = 1000
    st_gid = 1001
    st_rdev = 0
    st_size = 11
    st_blksize = 4096
    st_blocks = 8
    st_atime = 0x61daed0e
    st_mtime = 0x61ffec5b
    st_ctime = 0x61ffec5b

bb_releasedir(path="/", fi=0xd4f14c40)
    fi:
    flags = 0x00000000
    fh_old = 0x7f88d0002010
    writepage = 0
    direct_io = 0
    keep_cache = 0
    fh = 0x00007f88d0002010
    lock_owner = 0x0000000000000000

bb_opendir(path="/", fi=0xd4f14c30)
    bb_fullpath:  rootdir = "/home/peter2/Documents/deBBFS/example/rootdir", path = "/", fpath = "/home/peter2/Documents/deBBFS/example/rootdir/"
    opendir returned 0x0x7f88d000a290
    fi:
    flags = 0x00018800
    fh_old = 0x00000000
    writepage = 0
    direct_io = 0
    keep_cache = 0
    fh = 0x00007f88d000a290
    lock_owner = 0x0000000000000000

bb_getattr(path="/", statbuf=0xcf7fdc10)
    bb_fullpath:  rootdir = "/home/peter2/Documents/deBBFS/example/rootdir", path = "/", fpath = "/home/peter2/Documents/deBBFS/example/rootdir/"
    lstat returned 0
    si:
    st_dev = 2051
    st_ino = 3008
    st_mode = 040775
    st_nlink = 2
    st_uid = 1000
    st_gid = 1001
    st_rdev = 0
    st_size = 4096
    st_blksize = 4096
    st_blocks = 8
    st_atime = 0x6201332a
    st_mtime = 0x61dc3321
    st_ctime = 0x61dc3321

bb_readdir(path="/", buf=0xd0001f90, filler=0xd5154400, offset=0, fi=0xd4f14c30)
    readdir returned 0x0x7f88d000a2c0
calling filler with name .
calling filler with name test.txt
calling filler with name bogus.txt
calling filler with name ..
    fi:
    flags = 0x00000000
    fh_old = 0x7f88d000a290
    writepage = 0
    direct_io = 0
    keep_cache = 0
    fh = 0x00007f88d000a290
    lock_owner = 0x0000000000000000

bb_releasedir(path="/", fi=0xd4f14c40)
    fi:
    flags = 0x00000000
    fh_old = 0x7f88d000a290
    writepage = 0
    direct_io = 0
    keep_cache = 0
    fh = 0x00007f88d000a290
    lock_owner = 0x0000000000000000

bb_opendir(path="/", fi=0xd4f14c30)
    bb_fullpath:  rootdir = "/home/peter2/Documents/deBBFS/example/rootdir", path = "/", fpath = "/home/peter2/Documents/deBBFS/example/rootdir/"
    opendir returned 0x0x7f88d000a290
    fi:
    flags = 0x00018800
    fh_old = 0x00000000
    writepage = 0
    direct_io = 0
    keep_cache = 0
    fh = 0x00007f88d000a290
    lock_owner = 0x0000000000000000

bb_getattr(path="/", statbuf=0xcf7fdc10)
    bb_fullpath:  rootdir = "/home/peter2/Documents/deBBFS/example/rootdir", path = "/", fpath = "/home/peter2/Documents/deBBFS/example/rootdir/"
    lstat returned 0
    si:
    st_dev = 2051
    st_ino = 3008
    st_mode = 040775
    st_nlink = 2
    st_uid = 1000
    st_gid = 1001
    st_rdev = 0
    st_size = 4096
    st_blksize = 4096
    st_blocks = 8
    st_atime = 0x6201332a
    st_mtime = 0x61dc3321
    st_ctime = 0x61dc3321

bb_readdir(path="/", buf=0xd0001f90, filler=0xd5154400, offset=0, fi=0xd4f14c30)
    readdir returned 0x0x7f88d000a2c0
calling filler with name .
calling filler with name test.txt
calling filler with name bogus.txt
calling filler with name ..
    fi:
    flags = 0x00000000
    fh_old = 0x7f88d000a290
    writepage = 0
    direct_io = 0
    keep_cache = 0
    fh = 0x00007f88d000a290
    lock_owner = 0x0000000000000000

bb_releasedir(path="/", fi=0xd4f14c40)
    fi:
    flags = 0x00000000
    fh_old = 0x7f88d000a290
    writepage = 0
    direct_io = 0
    keep_cache = 0
    fh = 0x00007f88d000a290
    lock_owner = 0x0000000000000000

bb_opendir(path="/", fi=0xd4f14c30)
    bb_fullpath:  rootdir = "/home/peter2/Documents/deBBFS/example/rootdir", path = "/", fpath = "/home/peter2/Documents/deBBFS/example/rootdir/"
    opendir returned 0x0x7f88d000a290
    fi:
    flags = 0x00018800
    fh_old = 0x00000000
    writepage = 0
    direct_io = 0
    keep_cache = 0
    fh = 0x00007f88d000a290
    lock_owner = 0x0000000000000000

bb_getattr(path="/", statbuf=0xcf7fdc10)
    bb_fullpath:  rootdir = "/home/peter2/Documents/deBBFS/example/rootdir", path = "/", fpath = "/home/peter2/Documents/deBBFS/example/rootdir/"
    lstat returned 0
    si:
    st_dev = 2051
    st_ino = 3008
    st_mode = 040775
    st_nlink = 2
    st_uid = 1000
    st_gid = 1001
    st_rdev = 0
    st_size = 4096
    st_blksize = 4096
    st_blocks = 8
    st_atime = 0x6201332a
    st_mtime = 0x61dc3321
    st_ctime = 0x61dc3321

bb_readdir(path="/", buf=0xd0001f90, filler=0xd5154400, offset=0, fi=0xd4f14c30)
    readdir returned 0x0x7f88d000a2c0
calling filler with name .
calling filler with name test.txt
calling filler with name bogus.txt
calling filler with name ..
    fi:
    flags = 0x00000000
    fh_old = 0x7f88d000a290
    writepage = 0
    direct_io = 0
    keep_cache = 0
    fh = 0x00007f88d000a290
    lock_owner = 0x0000000000000000

bb_releasedir(path="/", fi=0xd4f14c40)
    fi:
    flags = 0x00000000
    fh_old = 0x7f88d000a290
    writepage = 0
    direct_io = 0
    keep_cache = 0
    fh = 0x00007f88d000a290
    lock_owner = 0x0000000000000000

bb_opendir(path="/", fi=0xd4f14c30)
    bb_fullpath:  rootdir = "/home/peter2/Documents/deBBFS/example/rootdir", path = "/", fpath = "/home/peter2/Documents/deBBFS/example/rootdir/"
    opendir returned 0x0x7f88d000a290
    fi:
    flags = 0x00018800
    fh_old = 0x00000000
    writepage = 0
    direct_io = 0
    keep_cache = 0
    fh = 0x00007f88d000a290
    lock_owner = 0x0000000000000000

bb_getattr(path="/", statbuf=0xcf7fdc10)
    bb_fullpath:  rootdir = "/home/peter2/Documents/deBBFS/example/rootdir", path = "/", fpath = "/home/peter2/Documents/deBBFS/example/rootdir/"
    lstat returned 0
    si:
    st_dev = 2051
    st_ino = 3008
    st_mode = 040775
    st_nlink = 2
    st_uid = 1000
    st_gid = 1001
    st_rdev = 0
    st_size = 4096
    st_blksize = 4096
    st_blocks = 8
    st_atime = 0x6201332a
    st_mtime = 0x61dc3321
    st_ctime = 0x61dc3321

bb_readdir(path="/", buf=0xd0001f90, filler=0xd5154400, offset=0, fi=0xd4f14c30)
    readdir returned 0x0x7f88d000a2c0
calling filler with name .
calling filler with name test.txt
calling filler with name bogus.txt
calling filler with name ..
    fi:
    flags = 0x00000000
    fh_old = 0x7f88d000a290
    writepage = 0
    direct_io = 0
    keep_cache = 0
    fh = 0x00007f88d000a290
    lock_owner = 0x0000000000000000

bb_releasedir(path="/", fi=0xd4f14c40)
    fi:
    flags = 0x00000000
    fh_old = 0x7f88d000a290
    writepage = 0
    direct_io = 0
    keep_cache = 0
    fh = 0x00007f88d000a290
    lock_owner = 0x0000000000000000

bb_opendir(path="/", fi=0xd4f14c30)
    bb_fullpath:  rootdir = "/home/peter2/Documents/deBBFS/example/rootdir", path = "/", fpath = "/home/peter2/Documents/deBBFS/example/rootdir/"
    opendir returned 0x0x7f88d000a290
    fi:
    flags = 0x00018800
    fh_old = 0x00000000
    writepage = 0
    direct_io = 0
    keep_cache = 0
    fh = 0x00007f88d000a290
    lock_owner = 0x0000000000000000

bb_getattr(path="/", statbuf=0xcf7fdc10)
    bb_fullpath:  rootdir = "/home/peter2/Documents/deBBFS/example/rootdir", path = "/", fpath = "/home/peter2/Documents/deBBFS/example/rootdir/"
    lstat returned 0
    si:
    st_dev = 2051
    st_ino = 3008
    st_mode = 040775
    st_nlink = 2
    st_uid = 1000
    st_gid = 1001
    st_rdev = 0
    st_size = 4096
    st_blksize = 4096
    st_blocks = 8
    st_atime = 0x6201332a
    st_mtime = 0x61dc3321
    st_ctime = 0x61dc3321

bb_readdir(path="/", buf=0xd0001f90, filler=0xd5154400, offset=0, fi=0xd4f14c30)
    readdir returned 0x0x7f88d000a2c0
calling filler with name .
calling filler with name test.txt
calling filler with name bogus.txt
calling filler with name ..
    fi:
    flags = 0x00000000
    fh_old = 0x7f88d000a290
    writepage = 0
    direct_io = 0
    keep_cache = 0
    fh = 0x00007f88d000a290
    lock_owner = 0x0000000000000000

bb_releasedir(path="/", fi=0xd4f14c40)
    fi:
    flags = 0x00000000
    fh_old = 0x7f88d000a290
    writepage = 0
    direct_io = 0
    keep_cache = 0
    fh = 0x00007f88d000a290
    lock_owner = 0x0000000000000000

bb_opendir(path="/", fi=0xd4f14c30)
    bb_fullpath:  rootdir = "/home/peter2/Documents/deBBFS/example/rootdir", path = "/", fpath = "/home/peter2/Documents/deBBFS/example/rootdir/"
    opendir returned 0x0x7f88d000a290
    fi:
    flags = 0x00018800
    fh_old = 0x00000000
    writepage = 0
    direct_io = 0
    keep_cache = 0
    fh = 0x00007f88d000a290
    lock_owner = 0x0000000000000000

bb_getattr(path="/", statbuf=0xcf7fdc10)
    bb_fullpath:  rootdir = "/home/peter2/Documents/deBBFS/example/rootdir", path = "/", fpath = "/home/peter2/Documents/deBBFS/example/rootdir/"
    lstat returned 0
    si:
    st_dev = 2051
    st_ino = 3008
    st_mode = 040775
    st_nlink = 2
    st_uid = 1000
    st_gid = 1001
    st_rdev = 0
    st_size = 4096
    st_blksize = 4096
    st_blocks = 8
    st_atime = 0x6201332a
    st_mtime = 0x61dc3321
    st_ctime = 0x61dc3321

bb_readdir(path="/", buf=0xd0001f90, filler=0xd5154400, offset=0, fi=0xd4f14c30)
    readdir returned 0x0x7f88d000a2c0
calling filler with name .
calling filler with name test.txt
calling filler with name bogus.txt
calling filler with name ..
    fi:
    flags = 0x00000000
    fh_old = 0x7f88d000a290
    writepage = 0
    direct_io = 0
    keep_cache = 0
    fh = 0x00007f88d000a290
    lock_owner = 0x0000000000000000

bb_releasedir(path="/", fi=0xd4f14c40)
    fi:
    flags = 0x00000000
    fh_old = 0x7f88d000a290
    writepage = 0
    direct_io = 0
    keep_cache = 0
    fh = 0x00007f88d000a290
    lock_owner = 0x0000000000000000

bb_opendir(path="/", fi=0xd4f14c30)
    bb_fullpath:  rootdir = "/home/peter2/Documents/deBBFS/example/rootdir", path = "/", fpath = "/home/peter2/Documents/deBBFS/example/rootdir/"
    opendir returned 0x0x7f88d000a290
    fi:
    flags = 0x00018800
    fh_old = 0x00000000
    writepage = 0
    direct_io = 0
    keep_cache = 0
    fh = 0x00007f88d000a290
    lock_owner = 0x0000000000000000

bb_getattr(path="/", statbuf=0xcf7fdc10)
    bb_fullpath:  rootdir = "/home/peter2/Documents/deBBFS/example/rootdir", path = "/", fpath = "/home/peter2/Documents/deBBFS/example/rootdir/"
    lstat returned 0
    si:
    st_dev = 2051
    st_ino = 3008
    st_mode = 040775
    st_nlink = 2
    st_uid = 1000
    st_gid = 1001
    st_rdev = 0
    st_size = 4096
    st_blksize = 4096
    st_blocks = 8
    st_atime = 0x6201332a
    st_mtime = 0x61dc3321
    st_ctime = 0x61dc3321

bb_readdir(path="/", buf=0xd0001f90, filler=0xd5154400, offset=0, fi=0xd4f14c30)
    readdir returned 0x0x7f88d000a2c0
calling filler with name .
calling filler with name test.txt
calling filler with name bogus.txt
calling filler with name ..
    fi:
    flags = 0x00000000
    fh_old = 0x7f88d000a290
    writepage = 0
    direct_io = 0
    keep_cache = 0
    fh = 0x00007f88d000a290
    lock_owner = 0x0000000000000000

bb_releasedir(path="/", fi=0xd4f14c40)
    fi:
    flags = 0x00000000
    fh_old = 0x7f88d000a290
    writepage = 0
    direct_io = 0
    keep_cache = 0
    fh = 0x00007f88d000a290
    lock_owner = 0x0000000000000000

bb_opendir(path="/", fi=0xd4f14c30)
    bb_fullpath:  rootdir = "/home/peter2/Documents/deBBFS/example/rootdir", path = "/", fpath = "/home/peter2/Documents/deBBFS/example/rootdir/"
    opendir returned 0x0x7f88d000a290
    fi:
    flags = 0x00018800
    fh_old = 0x00000000
    writepage = 0
    direct_io = 0
    keep_cache = 0
    fh = 0x00007f88d000a290
    lock_owner = 0x0000000000000000

bb_getattr(path="/", statbuf=0xcf7fdc10)
    bb_fullpath:  rootdir = "/home/peter2/Documents/deBBFS/example/rootdir", path = "/", fpath = "/home/peter2/Documents/deBBFS/example/rootdir/"
    lstat returned 0
    si:
    st_dev = 2051
    st_ino = 3008
    st_mode = 040775
    st_nlink = 2
    st_uid = 1000
    st_gid = 1001
    st_rdev = 0
    st_size = 4096
    st_blksize = 4096
    st_blocks = 8
    st_atime = 0x6201332a
    st_mtime = 0x61dc3321
    st_ctime = 0x61dc3321

bb_readdir(path="/", buf=0xd0001f90, filler=0xd5154400, offset=0, fi=0xd4f14c30)
    readdir returned 0x0x7f88d000a2c0
calling filler with name .
calling filler with name test.txt
calling filler with name bogus.txt
calling filler with name ..
    fi:
    flags = 0x00000000
    fh_old = 0x7f88d000a290
    writepage = 0
    direct_io = 0
    keep_cache = 0
    fh = 0x00007f88d000a290
    lock_owner = 0x0000000000000000

bb_releasedir(path="/", fi=0xd4f14c40)
    fi:
    flags = 0x00000000
    fh_old = 0x7f88d000a290
    writepage = 0
    direct_io = 0
    keep_cache = 0
    fh = 0x00007f88d000a290
    lock_owner = 0x0000000000000000

bb_opendir(path="/", fi=0xd4f14c30)
    bb_fullpath:  rootdir = "/home/peter2/Documents/deBBFS/example/rootdir", path = "/", fpath = "/home/peter2/Documents/deBBFS/example/rootdir/"
    opendir returned 0x0x7f88d000a290
    fi:
    flags = 0x00018800
    fh_old = 0x00000000
    writepage = 0
    direct_io = 0
    keep_cache = 0
    fh = 0x00007f88d000a290
    lock_owner = 0x0000000000000000

bb_getattr(path="/", statbuf=0xcf7fdc10)
    bb_fullpath:  rootdir = "/home/peter2/Documents/deBBFS/example/rootdir", path = "/", fpath = "/home/peter2/Documents/deBBFS/example/rootdir/"
    lstat returned 0
    si:
    st_dev = 2051
    st_ino = 3008
    st_mode = 040775
    st_nlink = 2
    st_uid = 1000
    st_gid = 1001
    st_rdev = 0
    st_size = 4096
    st_blksize = 4096
    st_blocks = 8
    st_atime = 0x6201332a
    st_mtime = 0x61dc3321
    st_ctime = 0x61dc3321

bb_readdir(path="/", buf=0xd0001f90, filler=0xd5154400, offset=0, fi=0xd4f14c30)
    readdir returned 0x0x7f88d000a2c0
calling filler with name .
calling filler with name test.txt
calling filler with name bogus.txt
calling filler with name ..
    fi:
    flags = 0x00000000
    fh_old = 0x7f88d000a290
    writepage = 0
    direct_io = 0
    keep_cache = 0
    fh = 0x00007f88d000a290
    lock_owner = 0x0000000000000000

bb_releasedir(path="/", fi=0xd4f14c40)
    fi:
    flags = 0x00000000
    fh_old = 0x7f88d000a290
    writepage = 0
    direct_io = 0
    keep_cache = 0
    fh = 0x00007f88d000a290
    lock_owner = 0x0000000000000000

bb_opendir(path="/", fi=0xd4f14c30)
    bb_fullpath:  rootdir = "/home/peter2/Documents/deBBFS/example/rootdir", path = "/", fpath = "/home/peter2/Documents/deBBFS/example/rootdir/"
    opendir returned 0x0x7f88d000a290
    fi:
    flags = 0x00018800
    fh_old = 0x00000000
    writepage = 0
    direct_io = 0
    keep_cache = 0
    fh = 0x00007f88d000a290
    lock_owner = 0x0000000000000000

bb_getattr(path="/", statbuf=0xcf7fdc10)
    bb_fullpath:  rootdir = "/home/peter2/Documents/deBBFS/example/rootdir", path = "/", fpath = "/home/peter2/Documents/deBBFS/example/rootdir/"
    lstat returned 0
    si:
    st_dev = 2051
    st_ino = 3008
    st_mode = 040775
    st_nlink = 2
    st_uid = 1000
    st_gid = 1001
    st_rdev = 0
    st_size = 4096
    st_blksize = 4096
    st_blocks = 8
    st_atime = 0x6201332a
    st_mtime = 0x61dc3321
    st_ctime = 0x61dc3321

bb_readdir(path="/", buf=0xd0001f90, filler=0xd5154400, offset=0, fi=0xd4f14c30)
    readdir returned 0x0x7f88d000a2c0
calling filler with name .
calling filler with name test.txt
calling filler with name bogus.txt
calling filler with name ..
    fi:
    flags = 0x00000000
    fh_old = 0x7f88d000a290
    writepage = 0
    direct_io = 0
    keep_cache = 0
    fh = 0x00007f88d000a290
    lock_owner = 0x0000000000000000

bb_releasedir(path="/", fi=0xd4f14c40)
    fi:
    flags = 0x00000000
    fh_old = 0x7f88d000a290
    writepage = 0
    direct_io = 0
    keep_cache = 0
    fh = 0x00007f88d000a290
    lock_owner = 0x0000000000000000

bb_opendir(path="/", fi=0xd4f14c30)
    bb_fullpath:  rootdir = "/home/peter2/Documents/deBBFS/example/rootdir", path = "/", fpath = "/home/peter2/Documents/deBBFS/example/rootdir/"
    opendir returned 0x0x7f88d000a290
    fi:
    flags = 0x00018800
    fh_old = 0x00000000
    writepage = 0
    direct_io = 0
    keep_cache = 0
    fh = 0x00007f88d000a290
    lock_owner = 0x0000000000000000

bb_getattr(path="/", statbuf=0xcf7fdc10)
    bb_fullpath:  rootdir = "/home/peter2/Documents/deBBFS/example/rootdir", path = "/", fpath = "/home/peter2/Documents/deBBFS/example/rootdir/"
    lstat returned 0
    si:
    st_dev = 2051
    st_ino = 3008
    st_mode = 040775
    st_nlink = 2
    st_uid = 1000
    st_gid = 1001
    st_rdev = 0
    st_size = 4096
    st_blksize = 4096
    st_blocks = 8
    st_atime = 0x6201332a
    st_mtime = 0x61dc3321
    st_ctime = 0x61dc3321

bb_readdir(path="/", buf=0xd0001f90, filler=0xd5154400, offset=0, fi=0xd4f14c30)
    readdir returned 0x0x7f88d000a2c0
calling filler with name .
calling filler with name test.txt
calling filler with name bogus.txt
calling filler with name ..
    fi:
    flags = 0x00000000
    fh_old = 0x7f88d000a290
    writepage = 0
    direct_io = 0
    keep_cache = 0
    fh = 0x00007f88d000a290
    lock_owner = 0x0000000000000000

bb_releasedir(path="/", fi=0xd4f14c40)
    fi:
    flags = 0x00000000
    fh_old = 0x7f88d000a290
    writepage = 0
    direct_io = 0
    keep_cache = 0
    fh = 0x00007f88d000a290
    lock_owner = 0x0000000000000000

bb_opendir(path="/", fi=0xd4f14c30)
    bb_fullpath:  rootdir = "/home/peter2/Documents/deBBFS/example/rootdir", path = "/", fpath = "/home/peter2/Documents/deBBFS/example/rootdir/"
    opendir returned 0x0x7f88d000a290
    fi:
    flags = 0x00018800
    fh_old = 0x00000000
    writepage = 0
    direct_io = 0
    keep_cache = 0
    fh = 0x00007f88d000a290
    lock_owner = 0x0000000000000000

bb_getattr(path="/", statbuf=0xcf7fdc10)
    bb_fullpath:  rootdir = "/home/peter2/Documents/deBBFS/example/rootdir", path = "/", fpath = "/home/peter2/Documents/deBBFS/example/rootdir/"
    lstat returned 0
    si:
    st_dev = 2051
    st_ino = 3008
    st_mode = 040775
    st_nlink = 2
    st_uid = 1000
    st_gid = 1001
    st_rdev = 0
    st_size = 4096
    st_blksize = 4096
    st_blocks = 8
    st_atime = 0x6201332a
    st_mtime = 0x61dc3321
    st_ctime = 0x61dc3321

bb_readdir(path="/", buf=0xd0001f90, filler=0xd5154400, offset=0, fi=0xd4f14c30)
    readdir returned 0x0x7f88d000a2c0
calling filler with name .
calling filler with name test.txt
calling filler with name bogus.txt
calling filler with name ..
    fi:
    flags = 0x00000000
    fh_old = 0x7f88d000a290
    writepage = 0
    direct_io = 0
    keep_cache = 0
    fh = 0x00007f88d000a290
    lock_owner = 0x0000000000000000

bb_releasedir(path="/", fi=0xd4f14c40)
    fi:
    flags = 0x00000000
    fh_old = 0x7f88d000a290
    writepage = 0
    direct_io = 0
    keep_cache = 0
    fh = 0x00007f88d000a290
    lock_owner = 0x0000000000000000

bb_opendir(path="/", fi=0xd4f14c30)
    bb_fullpath:  rootdir = "/home/peter2/Documents/deBBFS/example/rootdir", path = "/", fpath = "/home/peter2/Documents/deBBFS/example/rootdir/"
    opendir returned 0x0x7f88d000a290
    fi:
    flags = 0x00018800
    fh_old = 0x00000000
    writepage = 0
    direct_io = 0
    keep_cache = 0
    fh = 0x00007f88d000a290
    lock_owner = 0x0000000000000000

bb_getattr(path="/", statbuf=0xcf7fdc10)
    bb_fullpath:  rootdir = "/home/peter2/Documents/deBBFS/example/rootdir", path = "/", fpath = "/home/peter2/Documents/deBBFS/example/rootdir/"
    lstat returned 0
    si:
    st_dev = 2051
    st_ino = 3008
    st_mode = 040775
    st_nlink = 2
    st_uid = 1000
    st_gid = 1001
    st_rdev = 0
    st_size = 4096
    st_blksize = 4096
    st_blocks = 8
    st_atime = 0x6201332a
    st_mtime = 0x61dc3321
    st_ctime = 0x61dc3321

bb_readdir(path="/", buf=0xd0001f90, filler=0xd5154400, offset=0, fi=0xd4f14c30)
    readdir returned 0x0x7f88d000a2c0
calling filler with name .
calling filler with name test.txt
calling filler with name bogus.txt
calling filler with name ..
    fi:
    flags = 0x00000000
    fh_old = 0x7f88d000a290
    writepage = 0
    direct_io = 0
    keep_cache = 0
    fh = 0x00007f88d000a290
    lock_owner = 0x0000000000000000

bb_releasedir(path="/", fi=0xd4f14c40)
    fi:
    flags = 0x00000000
    fh_old = 0x7f88d000a290
    writepage = 0
    direct_io = 0
    keep_cache = 0
    fh = 0x00007f88d000a290
    lock_owner = 0x0000000000000000

bb_opendir(path="/", fi=0xd4f14c30)
    bb_fullpath:  rootdir = "/home/peter2/Documents/deBBFS/example/rootdir", path = "/", fpath = "/home/peter2/Documents/deBBFS/example/rootdir/"
    opendir returned 0x0x7f88d000a290
    fi:
    flags = 0x00018800
    fh_old = 0x00000000
    writepage = 0
    direct_io = 0
    keep_cache = 0
    fh = 0x00007f88d000a290
    lock_owner = 0x0000000000000000

bb_getattr(path="/", statbuf=0xcf7fdc10)
    bb_fullpath:  rootdir = "/home/peter2/Documents/deBBFS/example/rootdir", path = "/", fpath = "/home/peter2/Documents/deBBFS/example/rootdir/"
    lstat returned 0
    si:
    st_dev = 2051
    st_ino = 3008
    st_mode = 040775
    st_nlink = 2
    st_uid = 1000
    st_gid = 1001
    st_rdev = 0
    st_size = 4096
    st_blksize = 4096
    st_blocks = 8
    st_atime = 0x6201332a
    st_mtime = 0x61dc3321
    st_ctime = 0x61dc3321

bb_readdir(path="/", buf=0xd0001f90, filler=0xd5154400, offset=0, fi=0xd4f14c30)
    readdir returned 0x0x7f88d000a2c0
calling filler with name .
calling filler with name test.txt
calling filler with name bogus.txt
calling filler with name ..
    fi:
    flags = 0x00000000
    fh_old = 0x7f88d000a290
    writepage = 0
    direct_io = 0
    keep_cache = 0
    fh = 0x00007f88d000a290
    lock_owner = 0x0000000000000000

bb_releasedir(path="/", fi=0xd4f14c40)
    fi:
    flags = 0x00000000
    fh_old = 0x7f88d000a290
    writepage = 0
    direct_io = 0
    keep_cache = 0
    fh = 0x00007f88d000a290
    lock_owner = 0x0000000000000000

bb_opendir(path="/", fi=0xd4f14c30)
    bb_fullpath:  rootdir = "/home/peter2/Documents/deBBFS/example/rootdir", path = "/", fpath = "/home/peter2/Documents/deBBFS/example/rootdir/"
    opendir returned 0x0x7f88d000a290
    fi:
    flags = 0x00018800
    fh_old = 0x00000000
    writepage = 0
    direct_io = 0
    keep_cache = 0
    fh = 0x00007f88d000a290
    lock_owner = 0x0000000000000000

bb_getattr(path="/", statbuf=0xcf7fdc10)
    bb_fullpath:  rootdir = "/home/peter2/Documents/deBBFS/example/rootdir", path = "/", fpath = "/home/peter2/Documents/deBBFS/example/rootdir/"
    lstat returned 0
    si:
    st_dev = 2051
    st_ino = 3008
    st_mode = 040775
    st_nlink = 2
    st_uid = 1000
    st_gid = 1001
    st_rdev = 0
    st_size = 4096
    st_blksize = 4096
    st_blocks = 8
    st_atime = 0x6201332a
    st_mtime = 0x61dc3321
    st_ctime = 0x61dc3321

bb_readdir(path="/", buf=0xd0001f90, filler=0xd5154400, offset=0, fi=0xd4f14c30)
    readdir returned 0x0x7f88d000a2c0
calling filler with name .
calling filler with name test.txt
calling filler with name bogus.txt
calling filler with name ..
    fi:
    flags = 0x00000000
    fh_old = 0x7f88d000a290
    writepage = 0
    direct_io = 0
    keep_cache = 0
    fh = 0x00007f88d000a290
    lock_owner = 0x0000000000000000

bb_releasedir(path="/", fi=0xd4f14c40)
    fi:
    flags = 0x00000000
    fh_old = 0x7f88d000a290
    writepage = 0
    direct_io = 0
    keep_cache = 0
    fh = 0x00007f88d000a290
    lock_owner = 0x0000000000000000

bb_opendir(path="/", fi=0xd4f14c30)
    bb_fullpath:  rootdir = "/home/peter2/Documents/deBBFS/example/rootdir", path = "/", fpath = "/home/peter2/Documents/deBBFS/example/rootdir/"
    opendir returned 0x0x7f88d000a290
    fi:
    flags = 0x00018800
    fh_old = 0x00000000
    writepage = 0
    direct_io = 0
    keep_cache = 0
    fh = 0x00007f88d000a290
    lock_owner = 0x0000000000000000

bb_getattr(path="/", statbuf=0xcf7fdc10)
    bb_fullpath:  rootdir = "/home/peter2/Documents/deBBFS/example/rootdir", path = "/", fpath = "/home/peter2/Documents/deBBFS/example/rootdir/"
    lstat returned 0
    si:
    st_dev = 2051
    st_ino = 3008
    st_mode = 040775
    st_nlink = 2
    st_uid = 1000
    st_gid = 1001
    st_rdev = 0
    st_size = 4096
    st_blksize = 4096
    st_blocks = 8
    st_atime = 0x6201332a
    st_mtime = 0x61dc3321
    st_ctime = 0x61dc3321

bb_readdir(path="/", buf=0xd0001f90, filler=0xd5154400, offset=0, fi=0xd4f14c30)
    readdir returned 0x0x7f88d000a2c0
calling filler with name .
calling filler with name test.txt
calling filler with name bogus.txt
calling filler with name ..
    fi:
    flags = 0x00000000
    fh_old = 0x7f88d000a290
    writepage = 0
    direct_io = 0
    keep_cache = 0
    fh = 0x00007f88d000a290
    lock_owner = 0x0000000000000000

bb_releasedir(path="/", fi=0xd4f14c40)
    fi:
    flags = 0x00000000
    fh_old = 0x7f88d000a290
    writepage = 0
    direct_io = 0
    keep_cache = 0
    fh = 0x00007f88d000a290
    lock_owner = 0x0000000000000000

bb_opendir(path="/", fi=0xd4f14c30)
    bb_fullpath:  rootdir = "/home/peter2/Documents/deBBFS/example/rootdir", path = "/", fpath = "/home/peter2/Documents/deBBFS/example/rootdir/"
    opendir returned 0x0x7f88d000a290
    fi:
    flags = 0x00018800
    fh_old = 0x00000000
    writepage = 0
    direct_io = 0
    keep_cache = 0
    fh = 0x00007f88d000a290
    lock_owner = 0x0000000000000000

bb_getattr(path="/", statbuf=0xcf7fdc10)
    bb_fullpath:  rootdir = "/home/peter2/Documents/deBBFS/example/rootdir", path = "/", fpath = "/home/peter2/Documents/deBBFS/example/rootdir/"
    lstat returned 0
    si:
    st_dev = 2051
    st_ino = 3008
    st_mode = 040775
    st_nlink = 2
    st_uid = 1000
    st_gid = 1001
    st_rdev = 0
    st_size = 4096
    st_blksize = 4096
    st_blocks = 8
    st_atime = 0x6201332a
    st_mtime = 0x61dc3321
    st_ctime = 0x61dc3321

bb_readdir(path="/", buf=0xd0001f90, filler=0xd5154400, offset=0, fi=0xd4f14c30)
    readdir returned 0x0x7f88d000a2c0
calling filler with name .
calling filler with name test.txt
calling filler with name bogus.txt
calling filler with name ..
    fi:
    flags = 0x00000000
    fh_old = 0x7f88d000a290
    writepage = 0
    direct_io = 0
    keep_cache = 0
    fh = 0x00007f88d000a290
    lock_owner = 0x0000000000000000

bb_releasedir(path="/", fi=0xd4f14c40)
    fi:
    flags = 0x00000000
    fh_old = 0x7f88d000a290
    writepage = 0
    direct_io = 0
    keep_cache = 0
    fh = 0x00007f88d000a290
    lock_owner = 0x0000000000000000

bb_opendir(path="/", fi=0xd4f14c30)
    bb_fullpath:  rootdir = "/home/peter2/Documents/deBBFS/example/rootdir", path = "/", fpath = "/home/peter2/Documents/deBBFS/example/rootdir/"
    opendir returned 0x0x7f88d000a290
    fi:
    flags = 0x00018800
    fh_old = 0x00000000
    writepage = 0
    direct_io = 0
    keep_cache = 0
    fh = 0x00007f88d000a290
    lock_owner = 0x0000000000000000

bb_getattr(path="/", statbuf=0xcf7fdc10)
    bb_fullpath:  rootdir = "/home/peter2/Documents/deBBFS/example/rootdir", path = "/", fpath = "/home/peter2/Documents/deBBFS/example/rootdir/"
    lstat returned 0
    si:
    st_dev = 2051
    st_ino = 3008
    st_mode = 040775
    st_nlink = 2
    st_uid = 1000
    st_gid = 1001
    st_rdev = 0
    st_size = 4096
    st_blksize = 4096
    st_blocks = 8
    st_atime = 0x6201332a
    st_mtime = 0x61dc3321
    st_ctime = 0x61dc3321

bb_readdir(path="/", buf=0xd0001f90, filler=0xd5154400, offset=0, fi=0xd4f14c30)
    readdir returned 0x0x7f88d000a2c0
calling filler with name .
calling filler with name test.txt
calling filler with name bogus.txt
calling filler with name ..
    fi:
    flags = 0x00000000
    fh_old = 0x7f88d000a290
    writepage = 0
    direct_io = 0
    keep_cache = 0
    fh = 0x00007f88d000a290
    lock_owner = 0x0000000000000000

bb_releasedir(path="/", fi=0xd4f14c40)
    fi:
    flags = 0x00000000
    fh_old = 0x7f88d000a290
    writepage = 0
    direct_io = 0
    keep_cache = 0
    fh = 0x00007f88d000a290
    lock_owner = 0x0000000000000000

bb_opendir(path="/", fi=0xd4f14c30)
    bb_fullpath:  rootdir = "/home/peter2/Documents/deBBFS/example/rootdir", path = "/", fpath = "/home/peter2/Documents/deBBFS/example/rootdir/"
    opendir returned 0x0x7f88d000a290
    fi:
    flags = 0x00018800
    fh_old = 0x00000000
    writepage = 0
    direct_io = 0
    keep_cache = 0
    fh = 0x00007f88d000a290
    lock_owner = 0x0000000000000000

bb_getattr(path="/", statbuf=0xcf7fdc10)
    bb_fullpath:  rootdir = "/home/peter2/Documents/deBBFS/example/rootdir", path = "/", fpath = "/home/peter2/Documents/deBBFS/example/rootdir/"
    lstat returned 0
    si:
    st_dev = 2051
    st_ino = 3008
    st_mode = 040775
    st_nlink = 2
    st_uid = 1000
    st_gid = 1001
    st_rdev = 0
    st_size = 4096
    st_blksize = 4096
    st_blocks = 8
    st_atime = 0x6201332a
    st_mtime = 0x61dc3321
    st_ctime = 0x61dc3321

bb_readdir(path="/", buf=0xd0001f90, filler=0xd5154400, offset=0, fi=0xd4f14c30)
    readdir returned 0x0x7f88d000a2c0
calling filler with name .
calling filler with name test.txt
calling filler with name bogus.txt
calling filler with name ..
    fi:
    flags = 0x00000000
    fh_old = 0x7f88d000a290
    writepage = 0
    direct_io = 0
    keep_cache = 0
    fh = 0x00007f88d000a290
    lock_owner = 0x0000000000000000

bb_releasedir(path="/", fi=0xcfffec40)
    fi:
    flags = 0x00000000
    fh_old = 0x7f88d000a290
    writepage = 0
    direct_io = 0
    keep_cache = 0
    fh = 0x00007f88d000a290
    lock_owner = 0x0000000000000000

bb_opendir(path="/", fi=0xcfffec30)
    bb_fullpath:  rootdir = "/home/peter2/Documents/deBBFS/example/rootdir", path = "/", fpath = "/home/peter2/Documents/deBBFS/example/rootdir/"
    opendir returned 0x0x7f88c8001660
    fi:
    flags = 0x00018800
    fh_old = 0x00000000
    writepage = 0
    direct_io = 0
    keep_cache = 0
    fh = 0x00007f88c8001660
    lock_owner = 0x0000000000000000

bb_getattr(path="/", statbuf=0xcf7fdc10)
    bb_fullpath:  rootdir = "/home/peter2/Documents/deBBFS/example/rootdir", path = "/", fpath = "/home/peter2/Documents/deBBFS/example/rootdir/"
    lstat returned 0
    si:
    st_dev = 2051
    st_ino = 3008
    st_mode = 040775
    st_nlink = 2
    st_uid = 1000
    st_gid = 1001
    st_rdev = 0
    st_size = 4096
    st_blksize = 4096
    st_blocks = 8
    st_atime = 0x6201332a
    st_mtime = 0x61dc3321
    st_ctime = 0x61dc3321

bb_readdir(path="/", buf=0xd0001f90, filler=0xd5154400, offset=0, fi=0xcfffec30)
    readdir returned 0x0x7f88c8001690
calling filler with name .
calling filler with name test.txt
calling filler with name bogus.txt
calling filler with name ..
    fi:
    flags = 0x00000000
    fh_old = 0x7f88c8001660
    writepage = 0
    direct_io = 0
    keep_cache = 0
    fh = 0x00007f88c8001660
    lock_owner = 0x0000000000000000

bb_releasedir(path="/", fi=0xd4f14c40)
    fi:
    flags = 0x00000000
    fh_old = 0x7f88c8001660
    writepage = 0
    direct_io = 0
    keep_cache = 0
    fh = 0x00007f88c8001660
    lock_owner = 0x0000000000000000

bb_opendir(path="/", fi=0xd4f14c30)
    bb_fullpath:  rootdir = "/home/peter2/Documents/deBBFS/example/rootdir", path = "/", fpath = "/home/peter2/Documents/deBBFS/example/rootdir/"
    opendir returned 0x0x7f88d000a290
    fi:
    flags = 0x00018800
    fh_old = 0x00000000
    writepage = 0
    direct_io = 0
    keep_cache = 0
    fh = 0x00007f88d000a290
    lock_owner = 0x0000000000000000

bb_getattr(path="/", statbuf=0xcf7fdc10)
    bb_fullpath:  rootdir = "/home/peter2/Documents/deBBFS/example/rootdir", path = "/", fpath = "/home/peter2/Documents/deBBFS/example/rootdir/"
    lstat returned 0
    si:
    st_dev = 2051
    st_ino = 3008
    st_mode = 040775
    st_nlink = 2
    st_uid = 1000
    st_gid = 1001
    st_rdev = 0
    st_size = 4096
    st_blksize = 4096
    st_blocks = 8
    st_atime = 0x6201332a
    st_mtime = 0x61dc3321
    st_ctime = 0x61dc3321

bb_readdir(path="/", buf=0xd0001f90, filler=0xd5154400, offset=0, fi=0xd4f14c30)
    readdir returned 0x0x7f88d000a2c0
calling filler with name .
calling filler with name test.txt
calling filler with name bogus.txt
calling filler with name ..
    fi:
    flags = 0x00000000
    fh_old = 0x7f88d000a290
    writepage = 0
    direct_io = 0
    keep_cache = 0
    fh = 0x00007f88d000a290
    lock_owner = 0x0000000000000000

bb_releasedir(path="/", fi=0xcfffec40)
    fi:
    flags = 0x00000000
    fh_old = 0x7f88d000a290
    writepage = 0
    direct_io = 0
    keep_cache = 0
    fh = 0x00007f88d000a290
    lock_owner = 0x0000000000000000

bb_opendir(path="/", fi=0xcfffec30)
    bb_fullpath:  rootdir = "/home/peter2/Documents/deBBFS/example/rootdir", path = "/", fpath = "/home/peter2/Documents/deBBFS/example/rootdir/"
    opendir returned 0x0x7f88c8001660
    fi:
    flags = 0x00018800
    fh_old = 0x00000000
    writepage = 0
    direct_io = 0
    keep_cache = 0
    fh = 0x00007f88c8001660
    lock_owner = 0x0000000000000000

bb_getattr(path="/", statbuf=0xcf7fdc10)
    bb_fullpath:  rootdir = "/home/peter2/Documents/deBBFS/example/rootdir", path = "/", fpath = "/home/peter2/Documents/deBBFS/example/rootdir/"
    lstat returned 0
    si:
    st_dev = 2051
    st_ino = 3008
    st_mode = 040775
    st_nlink = 2
    st_uid = 1000
    st_gid = 1001
    st_rdev = 0
    st_size = 4096
    st_blksize = 4096
    st_blocks = 8
    st_atime = 0x6201332a
    st_mtime = 0x61dc3321
    st_ctime = 0x61dc3321

bb_readdir(path="/", buf=0xd0001f90, filler=0xd5154400, offset=0, fi=0xcfffec30)
    readdir returned 0x0x7f88c8001690
calling filler with name .
calling filler with name test.txt
calling filler with name bogus.txt
calling filler with name ..
    fi:
    flags = 0x00000000
    fh_old = 0x7f88c8001660
    writepage = 0
    direct_io = 0
    keep_cache = 0
    fh = 0x00007f88c8001660
    lock_owner = 0x0000000000000000

bb_releasedir(path="/", fi=0xd4f14c40)
    fi:
    flags = 0x00000000
    fh_old = 0x7f88c8001660
    writepage = 0
    direct_io = 0
    keep_cache = 0
    fh = 0x00007f88c8001660
    lock_owner = 0x0000000000000000

bb_getattr(path="/autorun.inf", statbuf=0xd4f14c40)
    bb_fullpath:  rootdir = "/home/peter2/Documents/deBBFS/example/rootdir", path = "/autorun.inf", fpath = "/home/peter2/Documents/deBBFS/example/rootdir/autorun.inf"
    lstat returned -1
    ERROR lstat: No such file or directory
    si:
    st_dev = 0
    st_ino = 0
    st_mode = 00
    st_nlink = 0
    st_uid = 0
    st_gid = 0
    st_rdev = 0
    st_size = 0
    st_blksize = 0
    st_blocks = 0
    st_atime = 0x00000000
    st_mtime = 0x00000000
    st_ctime = 0x00000000

bb_getattr(path="/", statbuf=0xcf7fdc10)
    bb_fullpath:  rootdir = "/home/peter2/Documents/deBBFS/example/rootdir", path = "/", fpath = "/home/peter2/Documents/deBBFS/example/rootdir/"
    lstat returned 0
    si:
    st_dev = 2051
    st_ino = 3008
    st_mode = 040775
    st_nlink = 2
    st_uid = 1000
    st_gid = 1001
    st_rdev = 0
    st_size = 4096
    st_blksize = 4096
    st_blocks = 8
    st_atime = 0x6201332a
    st_mtime = 0x61dc3321
    st_ctime = 0x61dc3321

bb_getattr(path="/", statbuf=0xd4f14c10)
    bb_fullpath:  rootdir = "/home/peter2/Documents/deBBFS/example/rootdir", path = "/", fpath = "/home/peter2/Documents/deBBFS/example/rootdir/"
    lstat returned 0
    si:
    st_dev = 2051
    st_ino = 3008
    st_mode = 040775
    st_nlink = 2
    st_uid = 1000
    st_gid = 1001
    st_rdev = 0
    st_size = 4096
    st_blksize = 4096
    st_blocks = 8
    st_atime = 0x6201332a
    st_mtime = 0x61dc3321
    st_ctime = 0x61dc3321

bb_access(path="/", mask=01)
    bb_fullpath:  rootdir = "/home/peter2/Documents/deBBFS/example/rootdir", path = "/", fpath = "/home/peter2/Documents/deBBFS/example/rootdir/"

bb_opendir(path="/", fi=0xcf7fdc30)
    bb_fullpath:  rootdir = "/home/peter2/Documents/deBBFS/example/rootdir", path = "/", fpath = "/home/peter2/Documents/deBBFS/example/rootdir/"
    opendir returned 0x0x7f88c0001170
    fi:
    flags = 0x00018800
    fh_old = 0x00000000
    writepage = 0
    direct_io = 0
    keep_cache = 0
    fh = 0x00007f88c0001170
    lock_owner = 0x0000000000000000

bb_getattr(path="/", statbuf=0xd4f14c10)
    bb_fullpath:  rootdir = "/home/peter2/Documents/deBBFS/example/rootdir", path = "/", fpath = "/home/peter2/Documents/deBBFS/example/rootdir/"
    lstat returned 0
    si:
    st_dev = 2051
    st_ino = 3008
    st_mode = 040775
    st_nlink = 2
    st_uid = 1000
    st_gid = 1001
    st_rdev = 0
    st_size = 4096
    st_blksize = 4096
    st_blocks = 8
    st_atime = 0x6201332a
    st_mtime = 0x61dc3321
    st_ctime = 0x61dc3321

bb_readdir(path="/", buf=0xc00010f0, filler=0xd5154400, offset=0, fi=0xcfffec30)
    readdir returned 0x0x7f88c00011a0
calling filler with name .
calling filler with name test.txt
calling filler with name bogus.txt
calling filler with name ..
    fi:
    flags = 0x00000000
    fh_old = 0x7f88c0001170
    writepage = 0
    direct_io = 0
    keep_cache = 0
    fh = 0x00007f88c0001170
    lock_owner = 0x0000000000000000

bb_getattr(path="/test.txt", statbuf=0xcf7fdc40)
    bb_fullpath:  rootdir = "/home/peter2/Documents/deBBFS/example/rootdir", path = "/test.txt", fpath = "/home/peter2/Documents/deBBFS/example/rootdir/test.txt"
    lstat returned 0
    si:
    st_dev = 2051
    st_ino = 3010
    st_mode = 0100664
    st_nlink = 1
    st_uid = 1000
    st_gid = 1001
    st_rdev = 0
    st_size = 0
    st_blksize = 4096
    st_blocks = 0
    st_atime = 0x61daeb66
    st_mtime = 0x61daeb66
    st_ctime = 0x61daeb66

bb_getattr(path="/bogus.txt", statbuf=0xd4f14c40)
    bb_fullpath:  rootdir = "/home/peter2/Documents/deBBFS/example/rootdir", path = "/bogus.txt", fpath = "/home/peter2/Documents/deBBFS/example/rootdir/bogus.txt"
    lstat returned 0
    si:
    st_dev = 2051
    st_ino = 3009
    st_mode = 0100664
    st_nlink = 1
    st_uid = 1000
    st_gid = 1001
    st_rdev = 0
    st_size = 11
    st_blksize = 4096
    st_blocks = 8
    st_atime = 0x61daed0e
    st_mtime = 0x61ffec5b
    st_ctime = 0x61ffec5b

bb_releasedir(path="/", fi=0xcf7fdc40)
    fi:
    flags = 0x00000000
    fh_old = 0x7f88c0001170
    writepage = 0
    direct_io = 0
    keep_cache = 0
    fh = 0x00007f88c0001170
    lock_owner = 0x0000000000000000

bb_opendir(path="/", fi=0xd4f14c30)
    bb_fullpath:  rootdir = "/home/peter2/Documents/deBBFS/example/rootdir", path = "/", fpath = "/home/peter2/Documents/deBBFS/example/rootdir/"
    opendir returned 0x0x7f88d000a290
    fi:
    flags = 0x00018800
    fh_old = 0x00000000
    writepage = 0
    direct_io = 0
    keep_cache = 0
    fh = 0x00007f88d000a290
    lock_owner = 0x0000000000000000

bb_getattr(path="/", statbuf=0xcfffec10)
    bb_fullpath:  rootdir = "/home/peter2/Documents/deBBFS/example/rootdir", path = "/", fpath = "/home/peter2/Documents/deBBFS/example/rootdir/"
    lstat returned 0
    si:
    st_dev = 2051
    st_ino = 3008
    st_mode = 040775
    st_nlink = 2
    st_uid = 1000
    st_gid = 1001
    st_rdev = 0
    st_size = 4096
    st_blksize = 4096
    st_blocks = 8
    st_atime = 0x6201332a
    st_mtime = 0x61dc3321
    st_ctime = 0x61dc3321

bb_readdir(path="/", buf=0xd0001f90, filler=0xd5154400, offset=0, fi=0xcf7fdc30)
    readdir returned 0x0x7f88d000a2c0
calling filler with name .
calling filler with name test.txt
calling filler with name bogus.txt
calling filler with name ..
    fi:
    flags = 0x00000000
    fh_old = 0x7f88d000a290
    writepage = 0
    direct_io = 0
    keep_cache = 0
    fh = 0x00007f88d000a290
    lock_owner = 0x0000000000000000

bb_releasedir(path="/", fi=0xcfffec40)
    fi:
    flags = 0x00000000
    fh_old = 0x7f88d000a290
    writepage = 0
    direct_io = 0
    keep_cache = 0
    fh = 0x00007f88d000a290
    lock_owner = 0x0000000000000000

bb_getattr(path="/bogus.txt", statbuf=0xcf7fdc40)
    bb_fullpath:  rootdir = "/home/peter2/Documents/deBBFS/example/rootdir", path = "/bogus.txt", fpath = "/home/peter2/Documents/deBBFS/example/rootdir/bogus.txt"
    lstat returned 0
    si:
    st_dev = 2051
    st_ino = 3009
    st_mode = 0100664
    st_nlink = 1
    st_uid = 1000
    st_gid = 1001
    st_rdev = 0
    st_size = 11
    st_blksize = 4096
    st_blocks = 8
    st_atime = 0x61daed0e
    st_mtime = 0x61ffec5b
    st_ctime = 0x61ffec5b

bb_opendir(path="/", fi=0xd4f14c30)
    bb_fullpath:  rootdir = "/home/peter2/Documents/deBBFS/example/rootdir", path = "/", fpath = "/home/peter2/Documents/deBBFS/example/rootdir/"
    opendir returned 0x0x7f88d000a290
    fi:
    flags = 0x00018800
    fh_old = 0x00000000
    writepage = 0
    direct_io = 0
    keep_cache = 0
    fh = 0x00007f88d000a290
    lock_owner = 0x0000000000000000

bb_getattr(path="/", statbuf=0xcfffec10)
    bb_fullpath:  rootdir = "/home/peter2/Documents/deBBFS/example/rootdir", path = "/", fpath = "/home/peter2/Documents/deBBFS/example/rootdir/"
    lstat returned 0
    si:
    st_dev = 2051
    st_ino = 3008
    st_mode = 040775
    st_nlink = 2
    st_uid = 1000
    st_gid = 1001
    st_rdev = 0
    st_size = 4096
    st_blksize = 4096
    st_blocks = 8
    st_atime = 0x6201332a
    st_mtime = 0x61dc3321
    st_ctime = 0x61dc3321

bb_readdir(path="/", buf=0xd00020a0, filler=0xd5154400, offset=0, fi=0xcf7fdc30)
    readdir returned 0x0x7f88d000a2c0
calling filler with name .
calling filler with name test.txt
calling filler with name bogus.txt
calling filler with name ..
    fi:
    flags = 0x00000000
    fh_old = 0x7f88d000a290
    writepage = 0
    direct_io = 0
    keep_cache = 0
    fh = 0x00007f88d000a290
    lock_owner = 0x0000000000000000

bb_releasedir(path="/", fi=0xcfffec40)
    fi:
    flags = 0x00000000
    fh_old = 0x7f88d000a290
    writepage = 0
    direct_io = 0
    keep_cache = 0
    fh = 0x00007f88d000a290
    lock_owner = 0x0000000000000000

bb_getattr(path="/", statbuf=0xcf7fdc10)
    bb_fullpath:  rootdir = "/home/peter2/Documents/deBBFS/example/rootdir", path = "/", fpath = "/home/peter2/Documents/deBBFS/example/rootdir/"
    lstat returned 0
    si:
    st_dev = 2051
    st_ino = 3008
    st_mode = 040775
    st_nlink = 2
    st_uid = 1000
    st_gid = 1001
    st_rdev = 0
    st_size = 4096
    st_blksize = 4096
    st_blocks = 8
    st_atime = 0x6201332a
    st_mtime = 0x61dc3321
    st_ctime = 0x61dc3321

bb_access(path="/", mask=01)
    bb_fullpath:  rootdir = "/home/peter2/Documents/deBBFS/example/rootdir", path = "/", fpath = "/home/peter2/Documents/deBBFS/example/rootdir/"

bb_access(path="/", mask=01)
    bb_fullpath:  rootdir = "/home/peter2/Documents/deBBFS/example/rootdir", path = "/", fpath = "/home/peter2/Documents/deBBFS/example/rootdir/"

bb_opendir(path="/", fi=0xcf7fdc30)
    bb_fullpath:  rootdir = "/home/peter2/Documents/deBBFS/example/rootdir", path = "/", fpath = "/home/peter2/Documents/deBBFS/example/rootdir/"
    opendir returned 0x0x7f88c0001580
    fi:
    flags = 0x00008000
    fh_old = 0x00000000
    writepage = 0
    direct_io = 0
    keep_cache = 0
    fh = 0x00007f88c0001580
    lock_owner = 0x0000000000000000

bb_access(path="/", mask=01)
    bb_fullpath:  rootdir = "/home/peter2/Documents/deBBFS/example/rootdir", path = "/", fpath = "/home/peter2/Documents/deBBFS/example/rootdir/"

bb_access(path="/", mask=01)
    bb_fullpath:  rootdir = "/home/peter2/Documents/deBBFS/example/rootdir", path = "/", fpath = "/home/peter2/Documents/deBBFS/example/rootdir/"

bb_releasedir(path="/", fi=0xcf7fdc40)
    fi:
    flags = 0x00000000
    fh_old = 0x7f88c0001580
    writepage = 0
    direct_io = 0
    keep_cache = 0
    fh = 0x00007f88c0001580
    lock_owner = 0x0000000000000000

bb_opendir(path="/", fi=0xd4f14c30)
    bb_fullpath:  rootdir = "/home/peter2/Documents/deBBFS/example/rootdir", path = "/", fpath = "/home/peter2/Documents/deBBFS/example/rootdir/"
    opendir returned 0x0x7f88d000a290
    fi:
    flags = 0x00008000
    fh_old = 0x00000000
    writepage = 0
    direct_io = 0
    keep_cache = 0
    fh = 0x00007f88d000a290
    lock_owner = 0x0000000000000000

bb_access(path="/", mask=01)
    bb_fullpath:  rootdir = "/home/peter2/Documents/deBBFS/example/rootdir", path = "/", fpath = "/home/peter2/Documents/deBBFS/example/rootdir/"

bb_access(path="/", mask=01)
    bb_fullpath:  rootdir = "/home/peter2/Documents/deBBFS/example/rootdir", path = "/", fpath = "/home/peter2/Documents/deBBFS/example/rootdir/"

bb_releasedir(path="/", fi=0xd4f14c40)
    fi:
    flags = 0x00000000
    fh_old = 0x7f88d000a290
    writepage = 0
    direct_io = 0
    keep_cache = 0
    fh = 0x00007f88d000a290
    lock_owner = 0x0000000000000000

bb_opendir(path="/", fi=0xcfffec30)
    bb_fullpath:  rootdir = "/home/peter2/Documents/deBBFS/example/rootdir", path = "/", fpath = "/home/peter2/Documents/deBBFS/example/rootdir/"
    opendir returned 0x0x7f88c8001a70
    fi:
    flags = 0x00008000
    fh_old = 0x00000000
    writepage = 0
    direct_io = 0
    keep_cache = 0
    fh = 0x00007f88c8001a70
    lock_owner = 0x0000000000000000

bb_access(path="/", mask=01)
    bb_fullpath:  rootdir = "/home/peter2/Documents/deBBFS/example/rootdir", path = "/", fpath = "/home/peter2/Documents/deBBFS/example/rootdir/"

bb_access(path="/", mask=01)
    bb_fullpath:  rootdir = "/home/peter2/Documents/deBBFS/example/rootdir", path = "/", fpath = "/home/peter2/Documents/deBBFS/example/rootdir/"

bb_releasedir(path="/", fi=0xcfffec40)
    fi:
    flags = 0x00000000
    fh_old = 0x7f88c8001a70
    writepage = 0
    direct_io = 0
    keep_cache = 0
    fh = 0x00007f88c8001a70
    lock_owner = 0x0000000000000000

bb_opendir(path="/", fi=0xcf7fdc30)
    bb_fullpath:  rootdir = "/home/peter2/Documents/deBBFS/example/rootdir", path = "/", fpath = "/home/peter2/Documents/deBBFS/example/rootdir/"
    opendir returned 0x0x7f88c0001580
    fi:
    flags = 0x00008000
    fh_old = 0x00000000
    writepage = 0
    direct_io = 0
    keep_cache = 0
    fh = 0x00007f88c0001580
    lock_owner = 0x0000000000000000

bb_access(path="/", mask=01)
    bb_fullpath:  rootdir = "/home/peter2/Documents/deBBFS/example/rootdir", path = "/", fpath = "/home/peter2/Documents/deBBFS/example/rootdir/"

bb_access(path="/", mask=01)
    bb_fullpath:  rootdir = "/home/peter2/Documents/deBBFS/example/rootdir", path = "/", fpath = "/home/peter2/Documents/deBBFS/example/rootdir/"

bb_releasedir(path="/", fi=0xcf7fdc40)
    fi:
    flags = 0x00000000
    fh_old = 0x7f88c0001580
    writepage = 0
    direct_io = 0
    keep_cache = 0
    fh = 0x00007f88c0001580
    lock_owner = 0x0000000000000000

bb_opendir(path="/", fi=0xd4f14c30)
    bb_fullpath:  rootdir = "/home/peter2/Documents/deBBFS/example/rootdir", path = "/", fpath = "/home/peter2/Documents/deBBFS/example/rootdir/"
    opendir returned 0x0x7f88d000a290
    fi:
    flags = 0x00008000
    fh_old = 0x00000000
    writepage = 0
    direct_io = 0
    keep_cache = 0
    fh = 0x00007f88d000a290
    lock_owner = 0x0000000000000000

bb_access(path="/", mask=01)
    bb_fullpath:  rootdir = "/home/peter2/Documents/deBBFS/example/rootdir", path = "/", fpath = "/home/peter2/Documents/deBBFS/example/rootdir/"

bb_access(path="/", mask=01)
    bb_fullpath:  rootdir = "/home/peter2/Documents/deBBFS/example/rootdir", path = "/", fpath = "/home/peter2/Documents/deBBFS/example/rootdir/"

bb_releasedir(path="/", fi=0xd4f14c40)
    fi:
    flags = 0x00000000
    fh_old = 0x7f88d000a290
    writepage = 0
    direct_io = 0
    keep_cache = 0
    fh = 0x00007f88d000a290
    lock_owner = 0x0000000000000000

bb_opendir(path="/", fi=0xcfffec30)
    bb_fullpath:  rootdir = "/home/peter2/Documents/deBBFS/example/rootdir", path = "/", fpath = "/home/peter2/Documents/deBBFS/example/rootdir/"
    opendir returned 0x0x7f88c8001a70
    fi:
    flags = 0x00008000
    fh_old = 0x00000000
    writepage = 0
    direct_io = 0
    keep_cache = 0
    fh = 0x00007f88c8001a70
    lock_owner = 0x0000000000000000

bb_access(path="/", mask=01)
    bb_fullpath:  rootdir = "/home/peter2/Documents/deBBFS/example/rootdir", path = "/", fpath = "/home/peter2/Documents/deBBFS/example/rootdir/"

bb_access(path="/", mask=01)
    bb_fullpath:  rootdir = "/home/peter2/Documents/deBBFS/example/rootdir", path = "/", fpath = "/home/peter2/Documents/deBBFS/example/rootdir/"

bb_releasedir(path="/", fi=0xcfffec40)
    fi:
    flags = 0x00000000
    fh_old = 0x7f88c8001a70
    writepage = 0
    direct_io = 0
    keep_cache = 0
    fh = 0x00007f88c8001a70
    lock_owner = 0x0000000000000000

bb_opendir(path="/", fi=0xcf7fdc30)
    bb_fullpath:  rootdir = "/home/peter2/Documents/deBBFS/example/rootdir", path = "/", fpath = "/home/peter2/Documents/deBBFS/example/rootdir/"
    opendir returned 0x0x7f88c0001580
    fi:
    flags = 0x00008000
    fh_old = 0x00000000
    writepage = 0
    direct_io = 0
    keep_cache = 0
    fh = 0x00007f88c0001580
    lock_owner = 0x0000000000000000

bb_access(path="/", mask=01)
    bb_fullpath:  rootdir = "/home/peter2/Documents/deBBFS/example/rootdir", path = "/", fpath = "/home/peter2/Documents/deBBFS/example/rootdir/"

bb_access(path="/", mask=01)
    bb_fullpath:  rootdir = "/home/peter2/Documents/deBBFS/example/rootdir", path = "/", fpath = "/home/peter2/Documents/deBBFS/example/rootdir/"

bb_releasedir(path="/", fi=0xcf7fdc40)
    fi:
    flags = 0x00000000
    fh_old = 0x7f88c0001580
    writepage = 0
    direct_io = 0
    keep_cache = 0
    fh = 0x00007f88c0001580
    lock_owner = 0x0000000000000000

bb_opendir(path="/", fi=0xd4f14c30)
    bb_fullpath:  rootdir = "/home/peter2/Documents/deBBFS/example/rootdir", path = "/", fpath = "/home/peter2/Documents/deBBFS/example/rootdir/"
    opendir returned 0x0x7f88d000a290
    fi:
    flags = 0x00008000
    fh_old = 0x00000000
    writepage = 0
    direct_io = 0
    keep_cache = 0
    fh = 0x00007f88d000a290
    lock_owner = 0x0000000000000000

bb_access(path="/", mask=01)
    bb_fullpath:  rootdir = "/home/peter2/Documents/deBBFS/example/rootdir", path = "/", fpath = "/home/peter2/Documents/deBBFS/example/rootdir/"

bb_access(path="/", mask=01)
    bb_fullpath:  rootdir = "/home/peter2/Documents/deBBFS/example/rootdir", path = "/", fpath = "/home/peter2/Documents/deBBFS/example/rootdir/"

bb_releasedir(path="/", fi=0xd4f14c40)
    fi:
    flags = 0x00000000
    fh_old = 0x7f88d000a290
    writepage = 0
    direct_io = 0
    keep_cache = 0
    fh = 0x00007f88d000a290
    lock_owner = 0x0000000000000000

bb_opendir(path="/", fi=0xcfffec30)
    bb_fullpath:  rootdir = "/home/peter2/Documents/deBBFS/example/rootdir", path = "/", fpath = "/home/peter2/Documents/deBBFS/example/rootdir/"
    opendir returned 0x0x7f88c8001a70
    fi:
    flags = 0x00008000
    fh_old = 0x00000000
    writepage = 0
    direct_io = 0
    keep_cache = 0
    fh = 0x00007f88c8001a70
    lock_owner = 0x0000000000000000

bb_access(path="/", mask=01)
    bb_fullpath:  rootdir = "/home/peter2/Documents/deBBFS/example/rootdir", path = "/", fpath = "/home/peter2/Documents/deBBFS/example/rootdir/"

bb_access(path="/", mask=01)
    bb_fullpath:  rootdir = "/home/peter2/Documents/deBBFS/example/rootdir", path = "/", fpath = "/home/peter2/Documents/deBBFS/example/rootdir/"

bb_releasedir(path="/", fi=0xcfffec40)
    fi:
    flags = 0x00000000
    fh_old = 0x7f88c8001a70
    writepage = 0
    direct_io = 0
    keep_cache = 0
    fh = 0x00007f88c8001a70
    lock_owner = 0x0000000000000000

bb_opendir(path="/", fi=0xcf7fdc30)
    bb_fullpath:  rootdir = "/home/peter2/Documents/deBBFS/example/rootdir", path = "/", fpath = "/home/peter2/Documents/deBBFS/example/rootdir/"
    opendir returned 0x0x7f88c0001580
    fi:
    flags = 0x00008000
    fh_old = 0x00000000
    writepage = 0
    direct_io = 0
    keep_cache = 0
    fh = 0x00007f88c0001580
    lock_owner = 0x0000000000000000

bb_access(path="/", mask=01)
    bb_fullpath:  rootdir = "/home/peter2/Documents/deBBFS/example/rootdir", path = "/", fpath = "/home/peter2/Documents/deBBFS/example/rootdir/"

bb_access(path="/", mask=01)
    bb_fullpath:  rootdir = "/home/peter2/Documents/deBBFS/example/rootdir", path = "/", fpath = "/home/peter2/Documents/deBBFS/example/rootdir/"

bb_releasedir(path="/", fi=0xcf7fdc40)
    fi:
    flags = 0x00000000
    fh_old = 0x7f88c0001580
    writepage = 0
    direct_io = 0
    keep_cache = 0
    fh = 0x00007f88c0001580
    lock_owner = 0x0000000000000000

bb_opendir(path="/", fi=0xd4f14c30)
    bb_fullpath:  rootdir = "/home/peter2/Documents/deBBFS/example/rootdir", path = "/", fpath = "/home/peter2/Documents/deBBFS/example/rootdir/"
    opendir returned 0x0x7f88d000a290
    fi:
    flags = 0x00008000
    fh_old = 0x00000000
    writepage = 0
    direct_io = 0
    keep_cache = 0
    fh = 0x00007f88d000a290
    lock_owner = 0x0000000000000000

bb_access(path="/", mask=01)
    bb_fullpath:  rootdir = "/home/peter2/Documents/deBBFS/example/rootdir", path = "/", fpath = "/home/peter2/Documents/deBBFS/example/rootdir/"

bb_access(path="/", mask=01)
    bb_fullpath:  rootdir = "/home/peter2/Documents/deBBFS/example/rootdir", path = "/", fpath = "/home/peter2/Documents/deBBFS/example/rootdir/"

bb_releasedir(path="/", fi=0xd4f14c40)
    fi:
    flags = 0x00000000
    fh_old = 0x7f88d000a290
    writepage = 0
    direct_io = 0
    keep_cache = 0
    fh = 0x00007f88d000a290
    lock_owner = 0x0000000000000000

bb_opendir(path="/", fi=0xcfffec30)
    bb_fullpath:  rootdir = "/home/peter2/Documents/deBBFS/example/rootdir", path = "/", fpath = "/home/peter2/Documents/deBBFS/example/rootdir/"
    opendir returned 0x0x7f88c8001a70
    fi:
    flags = 0x00008000
    fh_old = 0x00000000
    writepage = 0
    direct_io = 0
    keep_cache = 0
    fh = 0x00007f88c8001a70
    lock_owner = 0x0000000000000000

bb_access(path="/", mask=01)
    bb_fullpath:  rootdir = "/home/peter2/Documents/deBBFS/example/rootdir", path = "/", fpath = "/home/peter2/Documents/deBBFS/example/rootdir/"

bb_access(path="/", mask=01)
    bb_fullpath:  rootdir = "/home/peter2/Documents/deBBFS/example/rootdir", path = "/", fpath = "/home/peter2/Documents/deBBFS/example/rootdir/"

bb_releasedir(path="/", fi=0xcfffec40)
    fi:
    flags = 0x00000000
    fh_old = 0x7f88c8001a70
    writepage = 0
    direct_io = 0
    keep_cache = 0
    fh = 0x00007f88c8001a70
    lock_owner = 0x0000000000000000

bb_opendir(path="/", fi=0xcf7fdc30)
    bb_fullpath:  rootdir = "/home/peter2/Documents/deBBFS/example/rootdir", path = "/", fpath = "/home/peter2/Documents/deBBFS/example/rootdir/"
    opendir returned 0x0x7f88c0001580
    fi:
    flags = 0x00008000
    fh_old = 0x00000000
    writepage = 0
    direct_io = 0
    keep_cache = 0
    fh = 0x00007f88c0001580
    lock_owner = 0x0000000000000000

bb_access(path="/", mask=01)
    bb_fullpath:  rootdir = "/home/peter2/Documents/deBBFS/example/rootdir", path = "/", fpath = "/home/peter2/Documents/deBBFS/example/rootdir/"

bb_access(path="/", mask=01)
    bb_fullpath:  rootdir = "/home/peter2/Documents/deBBFS/example/rootdir", path = "/", fpath = "/home/peter2/Documents/deBBFS/example/rootdir/"

bb_releasedir(path="/", fi=0xcf7fdc40)
    fi:
    flags = 0x00000000
    fh_old = 0x7f88c0001580
    writepage = 0
    direct_io = 0
    keep_cache = 0
    fh = 0x00007f88c0001580
    lock_owner = 0x0000000000000000

bb_opendir(path="/", fi=0xd4f14c30)
    bb_fullpath:  rootdir = "/home/peter2/Documents/deBBFS/example/rootdir", path = "/", fpath = "/home/peter2/Documents/deBBFS/example/rootdir/"
    opendir returned 0x0x7f88d000a290
    fi:
    flags = 0x00008000
    fh_old = 0x00000000
    writepage = 0
    direct_io = 0
    keep_cache = 0
    fh = 0x00007f88d000a290
    lock_owner = 0x0000000000000000

bb_access(path="/", mask=01)
    bb_fullpath:  rootdir = "/home/peter2/Documents/deBBFS/example/rootdir", path = "/", fpath = "/home/peter2/Documents/deBBFS/example/rootdir/"

bb_access(path="/", mask=01)
    bb_fullpath:  rootdir = "/home/peter2/Documents/deBBFS/example/rootdir", path = "/", fpath = "/home/peter2/Documents/deBBFS/example/rootdir/"

bb_releasedir(path="/", fi=0xd4f14c40)
    fi:
    flags = 0x00000000
    fh_old = 0x7f88d000a290
    writepage = 0
    direct_io = 0
    keep_cache = 0
    fh = 0x00007f88d000a290
    lock_owner = 0x0000000000000000

bb_opendir(path="/", fi=0xcfffec30)
    bb_fullpath:  rootdir = "/home/peter2/Documents/deBBFS/example/rootdir", path = "/", fpath = "/home/peter2/Documents/deBBFS/example/rootdir/"
    opendir returned 0x0x7f88c8001a70
    fi:
    flags = 0x00008000
    fh_old = 0x00000000
    writepage = 0
    direct_io = 0
    keep_cache = 0
    fh = 0x00007f88c8001a70
    lock_owner = 0x0000000000000000

bb_access(path="/", mask=01)
    bb_fullpath:  rootdir = "/home/peter2/Documents/deBBFS/example/rootdir", path = "/", fpath = "/home/peter2/Documents/deBBFS/example/rootdir/"

bb_access(path="/", mask=01)
    bb_fullpath:  rootdir = "/home/peter2/Documents/deBBFS/example/rootdir", path = "/", fpath = "/home/peter2/Documents/deBBFS/example/rootdir/"

bb_releasedir(path="/", fi=0xcfffec40)
    fi:
    flags = 0x00000000
    fh_old = 0x7f88c8001a70
    writepage = 0
    direct_io = 0
    keep_cache = 0
    fh = 0x00007f88c8001a70
    lock_owner = 0x0000000000000000

bb_opendir(path="/", fi=0xcf7fdc30)
    bb_fullpath:  rootdir = "/home/peter2/Documents/deBBFS/example/rootdir", path = "/", fpath = "/home/peter2/Documents/deBBFS/example/rootdir/"
    opendir returned 0x0x7f88c0001580
    fi:
    flags = 0x00008000
    fh_old = 0x00000000
    writepage = 0
    direct_io = 0
    keep_cache = 0
    fh = 0x00007f88c0001580
    lock_owner = 0x0000000000000000

bb_access(path="/", mask=01)
    bb_fullpath:  rootdir = "/home/peter2/Documents/deBBFS/example/rootdir", path = "/", fpath = "/home/peter2/Documents/deBBFS/example/rootdir/"

bb_access(path="/", mask=01)
    bb_fullpath:  rootdir = "/home/peter2/Documents/deBBFS/example/rootdir", path = "/", fpath = "/home/peter2/Documents/deBBFS/example/rootdir/"

bb_releasedir(path="/", fi=0xcf7fdc40)
    fi:
    flags = 0x00000000
    fh_old = 0x7f88c0001580
    writepage = 0
    direct_io = 0
    keep_cache = 0
    fh = 0x00007f88c0001580
    lock_owner = 0x0000000000000000

bb_opendir(path="/", fi=0xd4f14c30)
    bb_fullpath:  rootdir = "/home/peter2/Documents/deBBFS/example/rootdir", path = "/", fpath = "/home/peter2/Documents/deBBFS/example/rootdir/"
    opendir returned 0x0x7f88d000a290
    fi:
    flags = 0x00008000
    fh_old = 0x00000000
    writepage = 0
    direct_io = 0
    keep_cache = 0
    fh = 0x00007f88d000a290
    lock_owner = 0x0000000000000000

bb_access(path="/", mask=01)
    bb_fullpath:  rootdir = "/home/peter2/Documents/deBBFS/example/rootdir", path = "/", fpath = "/home/peter2/Documents/deBBFS/example/rootdir/"

bb_access(path="/", mask=01)
    bb_fullpath:  rootdir = "/home/peter2/Documents/deBBFS/example/rootdir", path = "/", fpath = "/home/peter2/Documents/deBBFS/example/rootdir/"

bb_releasedir(path="/", fi=0xd4f14c40)
    fi:
    flags = 0x00000000
    fh_old = 0x7f88d000a290
    writepage = 0
    direct_io = 0
    keep_cache = 0
    fh = 0x00007f88d000a290
    lock_owner = 0x0000000000000000

bb_opendir(path="/", fi=0xcfffec30)
    bb_fullpath:  rootdir = "/home/peter2/Documents/deBBFS/example/rootdir", path = "/", fpath = "/home/peter2/Documents/deBBFS/example/rootdir/"
    opendir returned 0x0x7f88c8001a70
    fi:
    flags = 0x00008000
    fh_old = 0x00000000
    writepage = 0
    direct_io = 0
    keep_cache = 0
    fh = 0x00007f88c8001a70
    lock_owner = 0x0000000000000000

bb_access(path="/", mask=01)
    bb_fullpath:  rootdir = "/home/peter2/Documents/deBBFS/example/rootdir", path = "/", fpath = "/home/peter2/Documents/deBBFS/example/rootdir/"

bb_access(path="/", mask=01)
    bb_fullpath:  rootdir = "/home/peter2/Documents/deBBFS/example/rootdir", path = "/", fpath = "/home/peter2/Documents/deBBFS/example/rootdir/"

bb_releasedir(path="/", fi=0xcfffec40)
    fi:
    flags = 0x00000000
    fh_old = 0x7f88c8001a70
    writepage = 0
    direct_io = 0
    keep_cache = 0
    fh = 0x00007f88c8001a70
    lock_owner = 0x0000000000000000

bb_opendir(path="/", fi=0xcf7fdc30)
    bb_fullpath:  rootdir = "/home/peter2/Documents/deBBFS/example/rootdir", path = "/", fpath = "/home/peter2/Documents/deBBFS/example/rootdir/"
    opendir returned 0x0x7f88c0001580
    fi:
    flags = 0x00008000
    fh_old = 0x00000000
    writepage = 0
    direct_io = 0
    keep_cache = 0
    fh = 0x00007f88c0001580
    lock_owner = 0x0000000000000000

bb_access(path="/", mask=01)
    bb_fullpath:  rootdir = "/home/peter2/Documents/deBBFS/example/rootdir", path = "/", fpath = "/home/peter2/Documents/deBBFS/example/rootdir/"

bb_access(path="/", mask=01)
    bb_fullpath:  rootdir = "/home/peter2/Documents/deBBFS/example/rootdir", path = "/", fpath = "/home/peter2/Documents/deBBFS/example/rootdir/"

bb_releasedir(path="/", fi=0xcf7fdc40)
    fi:
    flags = 0x00000000
    fh_old = 0x7f88c0001580
    writepage = 0
    direct_io = 0
    keep_cache = 0
    fh = 0x00007f88c0001580
    lock_owner = 0x0000000000000000

bb_opendir(path="/", fi=0xd4f14c30)
    bb_fullpath:  rootdir = "/home/peter2/Documents/deBBFS/example/rootdir", path = "/", fpath = "/home/peter2/Documents/deBBFS/example/rootdir/"
    opendir returned 0x0x7f88d000a290
    fi:
    flags = 0x00008000
    fh_old = 0x00000000
    writepage = 0
    direct_io = 0
    keep_cache = 0
    fh = 0x00007f88d000a290
    lock_owner = 0x0000000000000000

bb_access(path="/", mask=01)
    bb_fullpath:  rootdir = "/home/peter2/Documents/deBBFS/example/rootdir", path = "/", fpath = "/home/peter2/Documents/deBBFS/example/rootdir/"

bb_access(path="/", mask=01)
    bb_fullpath:  rootdir = "/home/peter2/Documents/deBBFS/example/rootdir", path = "/", fpath = "/home/peter2/Documents/deBBFS/example/rootdir/"

bb_releasedir(path="/", fi=0xd4f14c40)
    fi:
    flags = 0x00000000
    fh_old = 0x7f88d000a290
    writepage = 0
    direct_io = 0
    keep_cache = 0
    fh = 0x00007f88d000a290
    lock_owner = 0x0000000000000000

bb_opendir(path="/", fi=0xcfffec30)
    bb_fullpath:  rootdir = "/home/peter2/Documents/deBBFS/example/rootdir", path = "/", fpath = "/home/peter2/Documents/deBBFS/example/rootdir/"
    opendir returned 0x0x7f88c8001a70
    fi:
    flags = 0x00008000
    fh_old = 0x00000000
    writepage = 0
    direct_io = 0
    keep_cache = 0
    fh = 0x00007f88c8001a70
    lock_owner = 0x0000000000000000

bb_access(path="/", mask=01)
    bb_fullpath:  rootdir = "/home/peter2/Documents/deBBFS/example/rootdir", path = "/", fpath = "/home/peter2/Documents/deBBFS/example/rootdir/"

bb_access(path="/", mask=01)
    bb_fullpath:  rootdir = "/home/peter2/Documents/deBBFS/example/rootdir", path = "/", fpath = "/home/peter2/Documents/deBBFS/example/rootdir/"

bb_releasedir(path="/", fi=0xcfffec40)
    fi:
    flags = 0x00000000
    fh_old = 0x7f88c8001a70
    writepage = 0
    direct_io = 0
    keep_cache = 0
    fh = 0x00007f88c8001a70
    lock_owner = 0x0000000000000000

bb_opendir(path="/", fi=0xcf7fdc30)
    bb_fullpath:  rootdir = "/home/peter2/Documents/deBBFS/example/rootdir", path = "/", fpath = "/home/peter2/Documents/deBBFS/example/rootdir/"
    opendir returned 0x0x7f88c0001580
    fi:
    flags = 0x00008000
    fh_old = 0x00000000
    writepage = 0
    direct_io = 0
    keep_cache = 0
    fh = 0x00007f88c0001580
    lock_owner = 0x0000000000000000

bb_access(path="/", mask=01)
    bb_fullpath:  rootdir = "/home/peter2/Documents/deBBFS/example/rootdir", path = "/", fpath = "/home/peter2/Documents/deBBFS/example/rootdir/"

bb_access(path="/", mask=01)
    bb_fullpath:  rootdir = "/home/peter2/Documents/deBBFS/example/rootdir", path = "/", fpath = "/home/peter2/Documents/deBBFS/example/rootdir/"

bb_releasedir(path="/", fi=0xcf7fdc40)
    fi:
    flags = 0x00000000
    fh_old = 0x7f88c0001580
    writepage = 0
    direct_io = 0
    keep_cache = 0
    fh = 0x00007f88c0001580
    lock_owner = 0x0000000000000000

bb_opendir(path="/", fi=0xd4f14c30)
    bb_fullpath:  rootdir = "/home/peter2/Documents/deBBFS/example/rootdir", path = "/", fpath = "/home/peter2/Documents/deBBFS/example/rootdir/"
    opendir returned 0x0x7f88d000a290
    fi:
    flags = 0x00008000
    fh_old = 0x00000000
    writepage = 0
    direct_io = 0
    keep_cache = 0
    fh = 0x00007f88d000a290
    lock_owner = 0x0000000000000000

bb_access(path="/", mask=01)
    bb_fullpath:  rootdir = "/home/peter2/Documents/deBBFS/example/rootdir", path = "/", fpath = "/home/peter2/Documents/deBBFS/example/rootdir/"

bb_access(path="/", mask=01)
    bb_fullpath:  rootdir = "/home/peter2/Documents/deBBFS/example/rootdir", path = "/", fpath = "/home/peter2/Documents/deBBFS/example/rootdir/"

bb_releasedir(path="/", fi=0xd4f14c40)
    fi:
    flags = 0x00000000
    fh_old = 0x7f88d000a290
    writepage = 0
    direct_io = 0
    keep_cache = 0
    fh = 0x00007f88d000a290
    lock_owner = 0x0000000000000000

bb_opendir(path="/", fi=0xcfffec30)
    bb_fullpath:  rootdir = "/home/peter2/Documents/deBBFS/example/rootdir", path = "/", fpath = "/home/peter2/Documents/deBBFS/example/rootdir/"
    opendir returned 0x0x7f88c8001a70
    fi:
    flags = 0x00008000
    fh_old = 0x00000000
    writepage = 0
    direct_io = 0
    keep_cache = 0
    fh = 0x00007f88c8001a70
    lock_owner = 0x0000000000000000

bb_access(path="/", mask=01)
    bb_fullpath:  rootdir = "/home/peter2/Documents/deBBFS/example/rootdir", path = "/", fpath = "/home/peter2/Documents/deBBFS/example/rootdir/"

bb_access(path="/", mask=01)
    bb_fullpath:  rootdir = "/home/peter2/Documents/deBBFS/example/rootdir", path = "/", fpath = "/home/peter2/Documents/deBBFS/example/rootdir/"

bb_releasedir(path="/", fi=0xcfffec40)
    fi:
    flags = 0x00000000
    fh_old = 0x7f88c8001a70
    writepage = 0
    direct_io = 0
    keep_cache = 0
    fh = 0x00007f88c8001a70
    lock_owner = 0x0000000000000000

bb_opendir(path="/", fi=0xcf7fdc30)
    bb_fullpath:  rootdir = "/home/peter2/Documents/deBBFS/example/rootdir", path = "/", fpath = "/home/peter2/Documents/deBBFS/example/rootdir/"
    opendir returned 0x0x7f88c0001580
    fi:
    flags = 0x00008000
    fh_old = 0x00000000
    writepage = 0
    direct_io = 0
    keep_cache = 0
    fh = 0x00007f88c0001580
    lock_owner = 0x0000000000000000

bb_access(path="/", mask=01)
    bb_fullpath:  rootdir = "/home/peter2/Documents/deBBFS/example/rootdir", path = "/", fpath = "/home/peter2/Documents/deBBFS/example/rootdir/"

bb_access(path="/", mask=01)
    bb_fullpath:  rootdir = "/home/peter2/Documents/deBBFS/example/rootdir", path = "/", fpath = "/home/peter2/Documents/deBBFS/example/rootdir/"

bb_releasedir(path="/", fi=0xcf7fdc40)
    fi:
    flags = 0x00000000
    fh_old = 0x7f88c0001580
    writepage = 0
    direct_io = 0
    keep_cache = 0
    fh = 0x00007f88c0001580
    lock_owner = 0x0000000000000000

bb_opendir(path="/", fi=0xd4f14c30)
    bb_fullpath:  rootdir = "/home/peter2/Documents/deBBFS/example/rootdir", path = "/", fpath = "/home/peter2/Documents/deBBFS/example/rootdir/"
    opendir returned 0x0x7f88d000a290
    fi:
    flags = 0x00008000
    fh_old = 0x00000000
    writepage = 0
    direct_io = 0
    keep_cache = 0
    fh = 0x00007f88d000a290
    lock_owner = 0x0000000000000000

bb_access(path="/", mask=01)
    bb_fullpath:  rootdir = "/home/peter2/Documents/deBBFS/example/rootdir", path = "/", fpath = "/home/peter2/Documents/deBBFS/example/rootdir/"

bb_access(path="/", mask=01)
    bb_fullpath:  rootdir = "/home/peter2/Documents/deBBFS/example/rootdir", path = "/", fpath = "/home/peter2/Documents/deBBFS/example/rootdir/"

bb_releasedir(path="/", fi=0xd4f14c40)
    fi:
    flags = 0x00000000
    fh_old = 0x7f88d000a290
    writepage = 0
    direct_io = 0
    keep_cache = 0
    fh = 0x00007f88d000a290
    lock_owner = 0x0000000000000000

bb_opendir(path="/", fi=0xcfffec30)
    bb_fullpath:  rootdir = "/home/peter2/Documents/deBBFS/example/rootdir", path = "/", fpath = "/home/peter2/Documents/deBBFS/example/rootdir/"
    opendir returned 0x0x7f88c8001a70
    fi:
    flags = 0x00008000
    fh_old = 0x00000000
    writepage = 0
    direct_io = 0
    keep_cache = 0
    fh = 0x00007f88c8001a70
    lock_owner = 0x0000000000000000

bb_access(path="/", mask=01)
    bb_fullpath:  rootdir = "/home/peter2/Documents/deBBFS/example/rootdir", path = "/", fpath = "/home/peter2/Documents/deBBFS/example/rootdir/"

bb_access(path="/", mask=01)
    bb_fullpath:  rootdir = "/home/peter2/Documents/deBBFS/example/rootdir", path = "/", fpath = "/home/peter2/Documents/deBBFS/example/rootdir/"

bb_releasedir(path="/", fi=0xcfffec40)
    fi:
    flags = 0x00000000
    fh_old = 0x7f88c8001a70
    writepage = 0
    direct_io = 0
    keep_cache = 0
    fh = 0x00007f88c8001a70
    lock_owner = 0x0000000000000000

bb_opendir(path="/", fi=0xcf7fdc30)
    bb_fullpath:  rootdir = "/home/peter2/Documents/deBBFS/example/rootdir", path = "/", fpath = "/home/peter2/Documents/deBBFS/example/rootdir/"
    opendir returned 0x0x7f88c0001580
    fi:
    flags = 0x00008000
    fh_old = 0x00000000
    writepage = 0
    direct_io = 0
    keep_cache = 0
    fh = 0x00007f88c0001580
    lock_owner = 0x0000000000000000

bb_access(path="/", mask=01)
    bb_fullpath:  rootdir = "/home/peter2/Documents/deBBFS/example/rootdir", path = "/", fpath = "/home/peter2/Documents/deBBFS/example/rootdir/"

bb_access(path="/", mask=01)
    bb_fullpath:  rootdir = "/home/peter2/Documents/deBBFS/example/rootdir", path = "/", fpath = "/home/peter2/Documents/deBBFS/example/rootdir/"

bb_releasedir(path="/", fi=0xcf7fdc40)
    fi:
    flags = 0x00000000
    fh_old = 0x7f88c0001580
    writepage = 0
    direct_io = 0
    keep_cache = 0
    fh = 0x00007f88c0001580
    lock_owner = 0x0000000000000000

bb_opendir(path="/", fi=0xd4f14c30)
    bb_fullpath:  rootdir = "/home/peter2/Documents/deBBFS/example/rootdir", path = "/", fpath = "/home/peter2/Documents/deBBFS/example/rootdir/"
    opendir returned 0x0x7f88d000a290
    fi:
    flags = 0x00008000
    fh_old = 0x00000000
    writepage = 0
    direct_io = 0
    keep_cache = 0
    fh = 0x00007f88d000a290
    lock_owner = 0x0000000000000000

bb_access(path="/", mask=01)
    bb_fullpath:  rootdir = "/home/peter2/Documents/deBBFS/example/rootdir", path = "/", fpath = "/home/peter2/Documents/deBBFS/example/rootdir/"

bb_access(path="/", mask=01)
    bb_fullpath:  rootdir = "/home/peter2/Documents/deBBFS/example/rootdir", path = "/", fpath = "/home/peter2/Documents/deBBFS/example/rootdir/"

bb_releasedir(path="/", fi=0xd4f14c40)
    fi:
    flags = 0x00000000
    fh_old = 0x7f88d000a290
    writepage = 0
    direct_io = 0
    keep_cache = 0
    fh = 0x00007f88d000a290
    lock_owner = 0x0000000000000000

bb_opendir(path="/", fi=0xcfffec30)
    bb_fullpath:  rootdir = "/home/peter2/Documents/deBBFS/example/rootdir", path = "/", fpath = "/home/peter2/Documents/deBBFS/example/rootdir/"
    opendir returned 0x0x7f88c8001a70
    fi:
    flags = 0x00008000
    fh_old = 0x00000000
    writepage = 0
    direct_io = 0
    keep_cache = 0
    fh = 0x00007f88c8001a70
    lock_owner = 0x0000000000000000

bb_access(path="/", mask=01)
    bb_fullpath:  rootdir = "/home/peter2/Documents/deBBFS/example/rootdir", path = "/", fpath = "/home/peter2/Documents/deBBFS/example/rootdir/"

bb_access(path="/", mask=01)
    bb_fullpath:  rootdir = "/home/peter2/Documents/deBBFS/example/rootdir", path = "/", fpath = "/home/peter2/Documents/deBBFS/example/rootdir/"

bb_releasedir(path="/", fi=0xcfffec40)
    fi:
    flags = 0x00000000
    fh_old = 0x7f88c8001a70
    writepage = 0
    direct_io = 0
    keep_cache = 0
    fh = 0x00007f88c8001a70
    lock_owner = 0x0000000000000000

bb_opendir(path="/", fi=0xcf7fdc30)
    bb_fullpath:  rootdir = "/home/peter2/Documents/deBBFS/example/rootdir", path = "/", fpath = "/home/peter2/Documents/deBBFS/example/rootdir/"
    opendir returned 0x0x7f88c0001580
    fi:
    flags = 0x00008000
    fh_old = 0x00000000
    writepage = 0
    direct_io = 0
    keep_cache = 0
    fh = 0x00007f88c0001580
    lock_owner = 0x0000000000000000

bb_access(path="/", mask=01)
    bb_fullpath:  rootdir = "/home/peter2/Documents/deBBFS/example/rootdir", path = "/", fpath = "/home/peter2/Documents/deBBFS/example/rootdir/"

bb_access(path="/", mask=01)
    bb_fullpath:  rootdir = "/home/peter2/Documents/deBBFS/example/rootdir", path = "/", fpath = "/home/peter2/Documents/deBBFS/example/rootdir/"

bb_releasedir(path="/", fi=0xcf7fdc40)
    fi:
    flags = 0x00000000
    fh_old = 0x7f88c0001580
    writepage = 0
    direct_io = 0
    keep_cache = 0
    fh = 0x00007f88c0001580
    lock_owner = 0x0000000000000000

bb_access(path="/bogus.txt", mask=02)
    bb_fullpath:  rootdir = "/home/peter2/Documents/deBBFS/example/rootdir", path = "/bogus.txt", fpath = "/home/peter2/Documents/deBBFS/example/rootdir/bogus.txt"

bb_open(path"/bogus.txt", fi=0xcfffecf0)
    bb_fullpath:  rootdir = "/home/peter2/Documents/deBBFS/example/rootdir", path = "/bogus.txt", fpath = "/home/peter2/Documents/deBBFS/example/rootdir/bogus.txt"
    open returned 5
    fi:
    flags = 0x00008000
    fh_old = 0x00000000
    writepage = 0
    direct_io = 0
    keep_cache = 0
    fh = 0x0000000000000005
    lock_owner = 0x0000000000000000

bb_getattr(path="/.bogus.txt.swp", statbuf=0xcf7fdc40)
    bb_fullpath:  rootdir = "/home/peter2/Documents/deBBFS/example/rootdir", path = "/.bogus.txt.swp", fpath = "/home/peter2/Documents/deBBFS/example/rootdir/.bogus.txt.swp"
    lstat returned -1
    ERROR lstat: No such file or directory
    si:
    st_dev = 0
    st_ino = 0
    st_mode = 00
    st_nlink = 0
    st_uid = 0
    st_gid = 0
    st_rdev = 0
    st_size = 0
    st_blksize = 0
    st_blocks = 0
    st_atime = 0x00000000
    st_mtime = 0x00000000
    st_ctime = 0x00000000

bb_getattr(path="/.bogus.txt.swp", statbuf=0xd4f14c40)
    bb_fullpath:  rootdir = "/home/peter2/Documents/deBBFS/example/rootdir", path = "/.bogus.txt.swp", fpath = "/home/peter2/Documents/deBBFS/example/rootdir/.bogus.txt.swp"
    lstat returned -1
    ERROR lstat: No such file or directory
    si:
    st_dev = 0
    st_ino = 0
    st_mode = 00
    st_nlink = 0
    st_uid = 0
    st_gid = 0
    st_rdev = 0
    st_size = 0
    st_blksize = 0
    st_blocks = 0
    st_atime = 0x00000000
    st_mtime = 0x00000000
    st_ctime = 0x00000000

bb_mknod(path="/.bogus.txt.swp", mode=0100600, dev=0)
    bb_fullpath:  rootdir = "/home/peter2/Documents/deBBFS/example/rootdir", path = "/.bogus.txt.swp", fpath = "/home/peter2/Documents/deBBFS/example/rootdir/.bogus.txt.swp"
    open returned 6
    close returned 0

bb_getattr(path="/.bogus.txt.swp", statbuf=0xcf7fdc40)
    bb_fullpath:  rootdir = "/home/peter2/Documents/deBBFS/example/rootdir", path = "/.bogus.txt.swp", fpath = "/home/peter2/Documents/deBBFS/example/rootdir/.bogus.txt.swp"
    lstat returned 0
    si:
    st_dev = 2051
    st_ino = 220
    st_mode = 0100600
    st_nlink = 1
    st_uid = 1000
    st_gid = 1001
    st_rdev = 0
    st_size = 0
    st_blksize = 4096
    st_blocks = 0
    st_atime = 0x62013338
    st_mtime = 0x62013338
    st_ctime = 0x62013338

bb_open(path"/.bogus.txt.swp", fi=0xd4f14cf0)
    bb_fullpath:  rootdir = "/home/peter2/Documents/deBBFS/example/rootdir", path = "/.bogus.txt.swp", fpath = "/home/peter2/Documents/deBBFS/example/rootdir/.bogus.txt.swp"
    open returned 6
    fi:
    flags = 0x00008002
    fh_old = 0x00000000
    writepage = 0
    direct_io = 0
    keep_cache = 0
    fh = 0x0000000000000006
    lock_owner = 0x0000000000000000

bb_getattr(path="/.bogus.txt.swx", statbuf=0xcfffec40)
    bb_fullpath:  rootdir = "/home/peter2/Documents/deBBFS/example/rootdir", path = "/.bogus.txt.swx", fpath = "/home/peter2/Documents/deBBFS/example/rootdir/.bogus.txt.swx"
    lstat returned -1
    ERROR lstat: No such file or directory
    si:
    st_dev = 0
    st_ino = 0
    st_mode = 00
    st_nlink = 0
    st_uid = 0
    st_gid = 0
    st_rdev = 0
    st_size = 0
    st_blksize = 0
    st_blocks = 0
    st_atime = 0x00000000
    st_mtime = 0x00000000
    st_ctime = 0x00000000

bb_getattr(path="/.bogus.txt.swx", statbuf=0xcf7fdc40)
    bb_fullpath:  rootdir = "/home/peter2/Documents/deBBFS/example/rootdir", path = "/.bogus.txt.swx", fpath = "/home/peter2/Documents/deBBFS/example/rootdir/.bogus.txt.swx"
    lstat returned -1
    ERROR lstat: No such file or directory
    si:
    st_dev = 0
    st_ino = 0
    st_mode = 00
    st_nlink = 0
    st_uid = 0
    st_gid = 0
    st_rdev = 0
    st_size = 0
    st_blksize = 0
    st_blocks = 0
    st_atime = 0x00000000
    st_mtime = 0x00000000
    st_ctime = 0x00000000

bb_mknod(path="/.bogus.txt.swx", mode=0100600, dev=0)
    bb_fullpath:  rootdir = "/home/peter2/Documents/deBBFS/example/rootdir", path = "/.bogus.txt.swx", fpath = "/home/peter2/Documents/deBBFS/example/rootdir/.bogus.txt.swx"
    open returned 7
    close returned 0

bb_getattr(path="/.bogus.txt.swx", statbuf=0xd4f14c40)
    bb_fullpath:  rootdir = "/home/peter2/Documents/deBBFS/example/rootdir", path = "/.bogus.txt.swx", fpath = "/home/peter2/Documents/deBBFS/example/rootdir/.bogus.txt.swx"
    lstat returned 0
    si:
    st_dev = 2051
    st_ino = 241
    st_mode = 0100600
    st_nlink = 1
    st_uid = 1000
    st_gid = 1001
    st_rdev = 0
    st_size = 0
    st_blksize = 4096
    st_blocks = 0
    st_atime = 0x62013338
    st_mtime = 0x62013338
    st_ctime = 0x62013338

bb_open(path"/.bogus.txt.swx", fi=0xcfffecf0)
    bb_fullpath:  rootdir = "/home/peter2/Documents/deBBFS/example/rootdir", path = "/.bogus.txt.swx", fpath = "/home/peter2/Documents/deBBFS/example/rootdir/.bogus.txt.swx"
    open returned 7
    fi:
    flags = 0x00008002
    fh_old = 0x00000000
    writepage = 0
    direct_io = 0
    keep_cache = 0
    fh = 0x0000000000000007
    lock_owner = 0x0000000000000000

bb_flush(path="/.bogus.txt.swx", fi=0xcf7fdcf0)
    fi:
    flags = 0x00000000
    fh_old = 0x00000007
    writepage = 0
    direct_io = 0
    keep_cache = 0
    fh = 0x0000000000000007
    lock_owner = 0xa23f9eb884abf6f7

bb_release(path="/.bogus.txt.swx", fi=0xd4f14cf0)
    fi:
    flags = 0x00008002
    fh_old = 0x00000007
    writepage = 0
    direct_io = 0
    keep_cache = 0
    fh = 0x0000000000000007
    lock_owner = 0x0000000000000000
    close returned 0
bb_unlink(path="/.bogus.txt.swx")
    bb_fullpath:  rootdir = "/home/peter2/Documents/deBBFS/example/rootdir", path = "/.bogus.txt.swx", fpath = "/home/peter2/Documents/deBBFS/example/rootdir/.bogus.txt.swx"
    unlink returned 0

bb_flush(path="/.bogus.txt.swp", fi=0xd4f14cf0)
    fi:
    flags = 0x00000000
    fh_old = 0x00000006
    writepage = 0
    direct_io = 0
    keep_cache = 0
    fh = 0x0000000000000006
    lock_owner = 0xa23f9eb884abf6f7

bb_release(path="/.bogus.txt.swp", fi=0xcfffecf0)
    fi:
    flags = 0x00008002
    fh_old = 0x00000006
    writepage = 0
    direct_io = 0
    keep_cache = 0
    fh = 0x0000000000000006
    lock_owner = 0x0000000000000000
    close returned 0
bb_unlink(path="/.bogus.txt.swp")
    bb_fullpath:  rootdir = "/home/peter2/Documents/deBBFS/example/rootdir", path = "/.bogus.txt.swp", fpath = "/home/peter2/Documents/deBBFS/example/rootdir/.bogus.txt.swp"
    unlink returned 0

bb_getattr(path="/.bogus.txt.swp", statbuf=0xcfffec40)
    bb_fullpath:  rootdir = "/home/peter2/Documents/deBBFS/example/rootdir", path = "/.bogus.txt.swp", fpath = "/home/peter2/Documents/deBBFS/example/rootdir/.bogus.txt.swp"
    lstat returned -1
    ERROR lstat: No such file or directory
    si:
    st_dev = 0
    st_ino = 0
    st_mode = 00
    st_nlink = 0
    st_uid = 0
    st_gid = 0
    st_rdev = 0
    st_size = 0
    st_blksize = 0
    st_blocks = 0
    st_atime = 0x00000000
    st_mtime = 0x00000000
    st_ctime = 0x00000000

bb_getattr(path="/.bogus.txt.swp", statbuf=0xcf7fdc40)
    bb_fullpath:  rootdir = "/home/peter2/Documents/deBBFS/example/rootdir", path = "/.bogus.txt.swp", fpath = "/home/peter2/Documents/deBBFS/example/rootdir/.bogus.txt.swp"
    lstat returned -1
    ERROR lstat: No such file or directory
    si:
    st_dev = 0
    st_ino = 0
    st_mode = 00
    st_nlink = 0
    st_uid = 0
    st_gid = 0
    st_rdev = 0
    st_size = 0
    st_blksize = 0
    st_blocks = 0
    st_atime = 0x00000000
    st_mtime = 0x00000000
    st_ctime = 0x00000000

bb_getattr(path="/.bogus.txt.swp", statbuf=0xd4f14c40)
    bb_fullpath:  rootdir = "/home/peter2/Documents/deBBFS/example/rootdir", path = "/.bogus.txt.swp", fpath = "/home/peter2/Documents/deBBFS/example/rootdir/.bogus.txt.swp"
    lstat returned -1
    ERROR lstat: No such file or directory
    si:
    st_dev = 0
    st_ino = 0
    st_mode = 00
    st_nlink = 0
    st_uid = 0
    st_gid = 0
    st_rdev = 0
    st_size = 0
    st_blksize = 0
    st_blocks = 0
    st_atime = 0x00000000
    st_mtime = 0x00000000
    st_ctime = 0x00000000

bb_getattr(path="/.bogus.txt.swp", statbuf=0xcfffec40)
    bb_fullpath:  rootdir = "/home/peter2/Documents/deBBFS/example/rootdir", path = "/.bogus.txt.swp", fpath = "/home/peter2/Documents/deBBFS/example/rootdir/.bogus.txt.swp"
    lstat returned -1
    ERROR lstat: No such file or directory
    si:
    st_dev = 0
    st_ino = 0
    st_mode = 00
    st_nlink = 0
    st_uid = 0
    st_gid = 0
    st_rdev = 0
    st_size = 0
    st_blksize = 0
    st_blocks = 0
    st_atime = 0x00000000
    st_mtime = 0x00000000
    st_ctime = 0x00000000

bb_mknod(path="/.bogus.txt.swp", mode=0100600, dev=0)
    bb_fullpath:  rootdir = "/home/peter2/Documents/deBBFS/example/rootdir", path = "/.bogus.txt.swp", fpath = "/home/peter2/Documents/deBBFS/example/rootdir/.bogus.txt.swp"
    open returned 6
    close returned 0

bb_getattr(path="/.bogus.txt.swp", statbuf=0xcf7fdc40)
    bb_fullpath:  rootdir = "/home/peter2/Documents/deBBFS/example/rootdir", path = "/.bogus.txt.swp", fpath = "/home/peter2/Documents/deBBFS/example/rootdir/.bogus.txt.swp"
    lstat returned 0
    si:
    st_dev = 2051
    st_ino = 220
    st_mode = 0100600
    st_nlink = 1
    st_uid = 1000
    st_gid = 1001
    st_rdev = 0
    st_size = 0
    st_blksize = 4096
    st_blocks = 0
    st_atime = 0x62013338
    st_mtime = 0x62013338
    st_ctime = 0x62013338

bb_open(path"/.bogus.txt.swp", fi=0xd4f14cf0)
    bb_fullpath:  rootdir = "/home/peter2/Documents/deBBFS/example/rootdir", path = "/.bogus.txt.swp", fpath = "/home/peter2/Documents/deBBFS/example/rootdir/.bogus.txt.swp"
    open returned 6
    fi:
    flags = 0x00028002
    fh_old = 0x00000000
    writepage = 0
    direct_io = 0
    keep_cache = 0
    fh = 0x0000000000000006
    lock_owner = 0x0000000000000000

bb_getxattr(path = "/.bogus.txt.swp", name = "security.capability", value = 0x00000000, size = 0)
    bb_fullpath:  rootdir = "/home/peter2/Documents/deBBFS/example/rootdir", path = "/.bogus.txt.swp", fpath = "/home/peter2/Documents/deBBFS/example/rootdir/.bogus.txt.swp"
    lgetxattr returned -1
    ERROR lgetxattr: No data available

bb_write(path="/.bogus.txt.swp", buf=0xd46d1060, size=4096, offset=0, fi=0xcf7fdd50)
    fi:
    flags = 0x00028002
    fh_old = 0x00000006
    writepage = 0
    direct_io = 0
    keep_cache = 0
    fh = 0x0000000000000006
    lock_owner = 0x0000000000000000
